<?xml version="1.0" encoding="UTF-8" standalone="no"?><testsuite errors="0" failures="0" name="Validate create alias" skipped="0" tests="7" time="12.26" timestamp="2025-10-04 10:18:35"><testcase name="Validate employeesS"/><testcase name="Validate employee error without limit field"/><testcase name="Validate employee error without offset field"/><testcase name="Validate employee error without model field"/><testcase name="Validate employee error without includeEmployees field"/><testcase name="Validate employee error without sortField field"/><testcase name="Validate employee error without sortOrder field"/></testsuite>