<?xml version="1.0" encoding="UTF-8"?>
<testsuite name="Validate create alias" tests="7" skipped="0" failures="0" errors="0" timestamp="2025-10-05T03:18:35" hostname="ANDERSON" time="12.356">
  <properties/>
  <testcase name="Validate employeesS" classname="Validate create alias" time="6.545"/>
  <testcase name="Validate employee error without limit field" classname="Validate create alias" time="0.778"/>
  <testcase name="Validate employee error without offset field" classname="Validate create alias" time="1.083"/>
  <testcase name="Validate employee error without model field" classname="Validate create alias" time="0.846"/>
  <testcase name="Validate employee error without includeEmployees field" classname="Validate create alias" time="1.168"/>
  <testcase name="Validate employee error without sortField field" classname="Validate create alias" time="1.15"/>
  <testcase name="Validate employee error without sortOrder field" classname="Validate create alias" time="0.786"/>
  <system-out><![CDATA[https://opensource-demo.orangehrmlive.com/web/index.php
]]>&#x1f50d;<![CDATA[ Validando campo: data | Esperado: [{empNumber=128, lastName=444444, firstName=123445, middleName=34, employeeId=dfgsjsjdh, terminationId=null, jobTitle={id=null, title=null, isDeleted=null}, subunit={id=null, name=null}, empStatus={id=null, name=null}, supervisors=[]}, {empNumber=86, lastName=5TlV, firstName=99N75, middleName=425, employeeId=0295, terminationId=null, jobTitle={id=null, title=null, isDeleted=null}, subunit={id=null, name=null}, empStatus={id=null, name=null}, supervisors=[]}, {empNumber=212, lastName=aa, firstName=a, middleName=a, employeeId=0375, terminationId=null, jobTitle={id=null, title=null, isDeleted=null}, subunit={id=null, name=null}, empStatus={id=null, name=null}, supervisors=[]}, {empNumber=104, lastName=010Z, firstName=A8DCo, middleName=4Ys, employeeId=0312, terminationId=null, jobTitle={id=null, title=null, isDeleted=null}, subunit={id=null, name=null}, empStatus={id=null, name=null}, supervisors=[]}, {empNumber=230, lastName=Collier, firstName=Agustina, middleName=, employeeId=9960, terminationId=null, jobTitle={id=null, title=null, isDeleted=null}, subunit={id=null, name=null}, empStatus={id=null, name=null}, supervisors=[]}, {empNumber=228, lastName=Patole, firstName=Akshay, middleName=abc, employeeId=0430, terminationId=null, jobTitle={id=null, title=null, isDeleted=null}, subunit={id=null, name=null}, empStatus={id=null, name=null}, supervisors=[]}, {empNumber=220, lastName=Patole, firstName=Akshay, middleName=abc, employeeId=0422, terminationId=null, jobTitle={id=null, title=null, isDeleted=null}, subunit={id=null, name=null}, empStatus={id=null, name=null}, supervisors=[]}, {empNumber=211, lastName=Patole, firstName=Akshay, middleName=abc, employeeId=0413, terminationId=null, jobTitle={id=null, title=null, isDeleted=null}, subunit={id=null, name=null}, empStatus={id=null, name=null}, supervisors=[]}, {empNumber=185, lastName=Patole, firstName=Akshay, middleName=abc, employeeId=0387, terminationId=null, jobTitle={id=null, title=null, isDeleted=null}, subunit={id=null, name=null}, empStatus={id=null, name=null}, supervisors=[]}, {empNumber=116, lastName=Brown, firstName=Amelia, middleName=, employeeId=01715, terminationId=null, jobTitle={id=null, title=null, isDeleted=null}, subunit={id=null, name=null}, empStatus={id=null, name=null}, supervisors=[]}, {empNumber=203, lastName=Patil, firstName=Anand, middleName=abc, employeeId=0405, terminationId=null, jobTitle={id=null, title=null, isDeleted=null}, subunit={id=null, name=null}, empStatus={id=null, name=null}, supervisors=[]}, {empNumber=221, lastName=Patil, firstName=Anand, middleName=abc, employeeId=0423, terminationId=null, jobTitle={id=null, title=null, isDeleted=null}, subunit={id=null, name=null}, empStatus={id=null, name=null}, supervisors=[]}, {empNumber=176, lastName=Patil, firstName=Anand, middleName=abc, employeeId=0378, terminationId=null, jobTitle={id=null, title=null, isDeleted=null}, subunit={id=null, name=null}, empStatus={id=null, name=null}, supervisors=[]}, {empNumber=213, lastName=Patil, firstName=Anand, middleName=abc, employeeId=0415, terminationId=null, jobTitle={id=null, title=null, isDeleted=null}, subunit={id=null, name=null}, empStatus={id=null, name=null}, supervisors=[]}, {empNumber=169, lastName=patil, firstName=aniket, middleName=Ashok, employeeId=253, terminationId=null, jobTitle={id=null, title=null, isDeleted=null}, subunit={id=null, name=null}, empStatus={id=null, name=null}, supervisors=[]}, {empNumber=155, lastName=t, firstName=aniket, middleName=t, employeeId=0360, terminationId=null, jobTitle={id=null, title=null, isDeleted=null}, subunit={id=null, name=null}, empStatus={id=null, name=null}, supervisors=[]}, {empNumber=210, lastName=Ghodake, firstName=Ankit, middleName=abc, employeeId=0412, terminationId=null, jobTitle={id=null, title=null, isDeleted=null}, subunit={id=null, name=null}, empStatus={id=null, name=null}, supervisors=[]}, {empNumber=184, lastName=Ghodake, firstName=Ankit, middleName=abc, employeeId=0386, terminationId=null, jobTitle={id=null, title=null, isDeleted=null}, subunit={id=null, name=null}, empStatus={id=null, name=null}, supervisors=[]}, {empNumber=227, lastName=Ghodake, firstName=Ankit, middleName=abc, employeeId=0429, terminationId=null, jobTitle={id=null, title=null, isDeleted=null}, subunit={id=null, name=null}, empStatus={id=null, name=null}, supervisors=[]}, {empNumber=219, lastName=Ghodake, firstName=Ankit, middleName=abc, employeeId=0421, terminationId=null, jobTitle={id=null, title=null, isDeleted=null}, subunit={id=null, name=null}, empStatus={id=null, name=null}, supervisors=[]}, {empNumber=239, lastName=nguyễn, firstName=aqhfjr, middleName=, employeeId=90557, terminationId=null, jobTitle={id=null, title=null, isDeleted=null}, subunit={id=null, name=null}, empStatus={id=null, name=null}, supervisors=[]}, {empNumber=200, lastName=Ondricka, firstName=Arica, middleName=Macie Zieme Yundt, employeeId=null, terminationId=null, jobTitle={id=null, title=null, isDeleted=null}, subunit={id=null, name=null}, empStatus={id=null, name=null}, supervisors=[]}, {empNumber=163, lastName=Tyson, firstName=Ash, middleName=J, employeeId=0367, terminationId=null, jobTitle={id=null, title=null, isDeleted=null}, subunit={id=null, name=null}, empStatus={id=null, name=null}, supervisors=[]}, {empNumber=90, lastName=ravi, firstName=bala, middleName=kumar, employeeId=0303, terminationId=null, jobTitle={id=null, title=null, isDeleted=null}, subunit={id=null, name=null}, empStatus={id=null, name=null}, supervisors=[]}, {empNumber=83, lastName=hbfqkhjfqbhbfqkhjfqb, firstName=bmrtahvwhibmrtahvwhi, middleName=, employeeId=0292, terminationId=null, jobTitle={id=null, title=null, isDeleted=null}, subunit={id=null, name=null}, empStatus={id=null, name=null}, supervisors=[]}, {empNumber=188, lastName=Huels, firstName=Bobbie, middleName=Amalia Keebler Graham, employeeId=null, terminationId=null, jobTitle={id=null, title=null, isDeleted=null}, subunit={id=null, name=null}, empStatus={id=null, name=null}, supervisors=[]}, {empNumber=238, lastName=Blick, firstName=Brenna, middleName=, employeeId=6627, terminationId=null, jobTitle={id=null, title=null, isDeleted=null}, subunit={id=null, name=null}, empStatus={id=null, name=null}, supervisors=[]}, {empNumber=202, lastName=Yost, firstName=Chana, middleName=Isidro Stanton Roberts, employeeId=null, terminationId=null, jobTitle={id=null, title=null, isDeleted=null}, subunit={id=null, name=null}, empStatus={id=null, name=null}, supervisors=[]}, {empNumber=113, lastName=Carter, firstName=Charles, middleName=, employeeId=0320, terminationId=null, jobTitle={id=null, title=null, isDeleted=null}, subunit={id=null, name=null}, empStatus={id=null, name=null}, supervisors=[]}, {empNumber=107, lastName=Smith, firstName=Charlotte, middleName=, employeeId=00392, terminationId=null, jobTitle={id=null, title=null, isDeleted=null}, subunit={id=null, name=null}, empStatus={id=null, name=null}, supervisors=[]}, {empNumber=182, lastName=Bogan, firstName=Chong, middleName=Antoinette Huel Hane, employeeId=null, terminationId=null, jobTitle={id=null, title=null, isDeleted=null}, subunit={id=null, name=null}, empStatus={id=null, name=null}, supervisors=[]}, {empNumber=158, lastName=Mcmillan, firstName=Christopher, middleName=, employeeId=0363, terminationId=null, jobTitle={id=null, title=null, isDeleted=null}, subunit={id=null, name=null}, empStatus={id=null, name=null}, supervisors=[]}, {empNumber=186, lastName=Steuber, firstName=Cristopher, middleName=Kristen Hand Walker Jr., employeeId=null, terminationId=null, jobTitle={id=null, title=null, isDeleted=null}, subunit={id=null, name=null}, empStatus={id=null, name=null}, supervisors=[]}, {empNumber=174, lastName=Hansen, firstName=Dale, middleName=Jacki Runolfsson Reichert Sr., employeeId=null, terminationId=null, jobTitle={id=null, title=null, isDeleted=null}, subunit={id=null, name=null}, empStatus={id=null, name=null}, supervisors=[]}, {empNumber=173, lastName=Boyle, firstName=Daniel, middleName=Portia Jacobi Gorczany, employeeId=null, terminationId=null, jobTitle={id=null, title=null, isDeleted=null}, subunit={id=null, name=null}, empStatus={id=null, name=null}, supervisors=[]}, {empNumber=198, lastName=Boehm, firstName=Davida, middleName=Mrs. Ludivina Sauer Hilpert, employeeId=null, terminationId=null, jobTitle={id=null, title=null, isDeleted=null}, subunit={id=null, name=null}, empStatus={id=null, name=null}, supervisors=[]}, {empNumber=229, lastName=dd, firstName=ddd, middleName=, employeeId=0431, terminationId=null, jobTitle={id=null, title=null, isDeleted=null}, subunit={id=null, name=null}, empStatus={id=null, name=null}, supervisors=[]}, {empNumber=81, lastName=ibuvlwtfsfibuvlwtfsf, firstName=dhbrukkuzldhbrukkuzl, middleName=, employeeId=0290, terminationId=null, jobTitle={id=null, title=null, isDeleted=null}, subunit={id=null, name=null}, empStatus={id=null, name=null}, supervisors=[]}, {empNumber=85, lastName=P, firstName=DHINA, middleName=KARAN, employeeId=0294, terminationId=null, jobTitle={id=null, title=null, isDeleted=null}, subunit={id=null, name=null}, empStatus={id=null, name=null}, supervisors=[]}, {empNumber=195, lastName=Simonis, firstName=Else, middleName=Tom Romaguera Fritsch, employeeId=null, terminationId=null, jobTitle={id=null, title=null, isDeleted=null}, subunit={id=null, name=null}, empStatus={id=null, name=null}, supervisors=[]}, {empNumber=189, lastName=Jerde, firstName=Elwood, middleName=Joesph Kozey Konopelski, employeeId=null, terminationId=null, jobTitle={id=null, title=null, isDeleted=null}, subunit={id=null, name=null}, empStatus={id=null, name=null}, supervisors=[]}, {empNumber=118, lastName=Jones, firstName=Emily, middleName=, employeeId=09557, terminationId=null, jobTitle={id=null, title=null, isDeleted=null}, subunit={id=null, name=null}, empStatus={id=null, name=null}, supervisors=[]}, {empNumber=157, lastName=LName, firstName=FName, middleName=Mname, employeeId=1235, terminationId=null, jobTitle={id=null, title=null, isDeleted=null}, subunit={id=null, name=null}, empStatus={id=null, name=null}, supervisors=[]}, {empNumber=127, lastName=ltsxgy, firstName=ftdkux, middleName=, employeeId=ATPValue, terminationId=null, jobTitle={id=null, title=null, isDeleted=null}, subunit={id=null, name=null}, empStatus={id=null, name=null}, supervisors=[]}, {empNumber=148, lastName=ltwrrt, firstName=fthnvn, middleName=, employeeId=ATPValue, terminationId=null, jobTitle={id=null, title=null, isDeleted=null}, subunit={id=null, name=null}, empStatus={id=null, name=null}, supervisors=[]}, {empNumber=147, lastName=ltwrrt, firstName=fthnvn, middleName=, employeeId=ATPValue, terminationId=null, jobTitle={id=null, title=null, isDeleted=null}, subunit={id=null, name=null}, empStatus={id=null, name=null}, supervisors=[]}, {empNumber=146, lastName=ltrhtm, firstName=fthyfv, middleName=, employeeId=ATPValue, terminationId=null, jobTitle={id=null, title=null, isDeleted=null}, subunit={id=null, name=null}, empStatus={id=null, name=null}, supervisors=[]}, {empNumber=139, lastName=ltpugr, firstName=ftioiu, middleName=, employeeId=ATPValue, terminationId=null, jobTitle={id=null, title=null, isDeleted=null}, subunit={id=null, name=null}, empStatus={id=null, name=null}, supervisors=[]}, {empNumber=149, lastName=ltpugr, firstName=ftioiu, middleName=, employeeId=ATPValue, terminationId=null, jobTitle={id=null, title=null, isDeleted=null}, subunit={id=null, name=null}, empStatus={id=null, name=null}, supervisors=[]}, {empNumber=141, lastName=ltpugr, firstName=ftioiu, middleName=, employeeId=ATPValue, terminationId=null, jobTitle={id=null, title=null, isDeleted=null}, subunit={id=null, name=null}, empStatus={id=null, name=null}, supervisors=[]}] (ArrayList) | Actual: [{empNumber=128, lastName=444444, firstName=123445, middleName=34, employeeId=dfgsjsjdh, terminationId=null, jobTitle={id=null, title=null, isDeleted=null}, subunit={id=null, name=null}, empStatus={id=null, name=null}, supervisors=[]}, {empNumber=86, lastName=5TlV, firstName=99N75, middleName=425, employeeId=0295, terminationId=null, jobTitle={id=null, title=null, isDeleted=null}, subunit={id=null, name=null}, empStatus={id=null, name=null}, supervisors=[]}, {empNumber=212, lastName=aa, firstName=a, middleName=a, employeeId=0375, terminationId=null, jobTitle={id=null, title=null, isDeleted=null}, subunit={id=null, name=null}, empStatus={id=null, name=null}, supervisors=[]}, {empNumber=104, lastName=010Z, firstName=A8DCo, middleName=4Ys, employeeId=0312, terminationId=null, jobTitle={id=null, title=null, isDeleted=null}, subunit={id=null, name=null}, empStatus={id=null, name=null}, supervisors=[]}, {empNumber=230, lastName=Collier, firstName=Agustina, middleName=, employeeId=9960, terminationId=null, jobTitle={id=null, title=null, isDeleted=null}, subunit={id=null, name=null}, empStatus={id=null, name=null}, supervisors=[]}, {empNumber=211, lastName=Patole, firstName=Akshay, middleName=abc, employeeId=0413, terminationId=null, jobTitle={id=null, title=null, isDeleted=null}, subunit={id=null, name=null}, empStatus={id=null, name=null}, supervisors=[]}, {empNumber=185, lastName=Patole, firstName=Akshay, middleName=abc, employeeId=0387, terminationId=null, jobTitle={id=null, title=null, isDeleted=null}, subunit={id=null, name=null}, empStatus={id=null, name=null}, supervisors=[]}, {empNumber=228, lastName=Patole, firstName=Akshay, middleName=abc, employeeId=0430, terminationId=null, jobTitle={id=null, title=null, isDeleted=null}, subunit={id=null, name=null}, empStatus={id=null, name=null}, supervisors=[]}, {empNumber=220, lastName=Patole, firstName=Akshay, middleName=abc, employeeId=0422, terminationId=null, jobTitle={id=null, title=null, isDeleted=null}, subunit={id=null, name=null}, empStatus={id=null, name=null}, supervisors=[]}, {empNumber=116, lastName=Brown, firstName=Amelia, middleName=, employeeId=01715, terminationId=null, jobTitle={id=null, title=null, isDeleted=null}, subunit={id=null, name=null}, empStatus={id=null, name=null}, supervisors=[]}, {empNumber=213, lastName=Patil, firstName=Anand, middleName=abc, employeeId=0415, terminationId=null, jobTitle={id=null, title=null, isDeleted=null}, subunit={id=null, name=null}, empStatus={id=null, name=null}, supervisors=[]}, {empNumber=203, lastName=Patil, firstName=Anand, middleName=abc, employeeId=0405, terminationId=null, jobTitle={id=null, title=null, isDeleted=null}, subunit={id=null, name=null}, empStatus={id=null, name=null}, supervisors=[]}, {empNumber=221, lastName=Patil, firstName=Anand, middleName=abc, employeeId=0423, terminationId=null, jobTitle={id=null, title=null, isDeleted=null}, subunit={id=null, name=null}, empStatus={id=null, name=null}, supervisors=[]}, {empNumber=176, lastName=Patil, firstName=Anand, middleName=abc, employeeId=0378, terminationId=null, jobTitle={id=null, title=null, isDeleted=null}, subunit={id=null, name=null}, empStatus={id=null, name=null}, supervisors=[]}, {empNumber=155, lastName=t, firstName=aniket, middleName=t, employeeId=0360, terminationId=null, jobTitle={id=null, title=null, isDeleted=null}, subunit={id=null, name=null}, empStatus={id=null, name=null}, supervisors=[]}, {empNumber=169, lastName=patil, firstName=aniket, middleName=Ashok, employeeId=253, terminationId=null, jobTitle={id=null, title=null, isDeleted=null}, subunit={id=null, name=null}, empStatus={id=null, name=null}, supervisors=[]}, {empNumber=219, lastName=Ghodake, firstName=Ankit, middleName=abc, employeeId=0421, terminationId=null, jobTitle={id=null, title=null, isDeleted=null}, subunit={id=null, name=null}, empStatus={id=null, name=null}, supervisors=[]}, {empNumber=210, lastName=Ghodake, firstName=Ankit, middleName=abc, employeeId=0412, terminationId=null, jobTitle={id=null, title=null, isDeleted=null}, subunit={id=null, name=null}, empStatus={id=null, name=null}, supervisors=[]}, {empNumber=184, lastName=Ghodake, firstName=Ankit, middleName=abc, employeeId=0386, terminationId=null, jobTitle={id=null, title=null, isDeleted=null}, subunit={id=null, name=null}, empStatus={id=null, name=null}, supervisors=[]}, {empNumber=227, lastName=Ghodake, firstName=Ankit, middleName=abc, employeeId=0429, terminationId=null, jobTitle={id=null, title=null, isDeleted=null}, subunit={id=null, name=null}, empStatus={id=null, name=null}, supervisors=[]}, {empNumber=239, lastName=nguyễn, firstName=aqhfjr, middleName=, employeeId=90557, terminationId=null, jobTitle={id=null, title=null, isDeleted=null}, subunit={id=null, name=null}, empStatus={id=null, name=null}, supervisors=[]}, {empNumber=200, lastName=Ondricka, firstName=Arica, middleName=Macie Zieme Yundt, employeeId=null, terminationId=null, jobTitle={id=null, title=null, isDeleted=null}, subunit={id=null, name=null}, empStatus={id=null, name=null}, supervisors=[]}, {empNumber=163, lastName=Tyson, firstName=Ash, middleName=J, employeeId=0367, terminationId=null, jobTitle={id=null, title=null, isDeleted=null}, subunit={id=null, name=null}, empStatus={id=null, name=null}, supervisors=[]}, {empNumber=90, lastName=ravi, firstName=bala, middleName=kumar, employeeId=0303, terminationId=null, jobTitle={id=null, title=null, isDeleted=null}, subunit={id=null, name=null}, empStatus={id=null, name=null}, supervisors=[]}, {empNumber=83, lastName=hbfqkhjfqbhbfqkhjfqb, firstName=bmrtahvwhibmrtahvwhi, middleName=, employeeId=0292, terminationId=null, jobTitle={id=null, title=null, isDeleted=null}, subunit={id=null, name=null}, empStatus={id=null, name=null}, supervisors=[]}, {empNumber=188, lastName=Huels, firstName=Bobbie, middleName=Amalia Keebler Graham, employeeId=null, terminationId=null, jobTitle={id=null, title=null, isDeleted=null}, subunit={id=null, name=null}, empStatus={id=null, name=null}, supervisors=[]}, {empNumber=238, lastName=Blick, firstName=Brenna, middleName=, employeeId=6627, terminationId=null, jobTitle={id=null, title=null, isDeleted=null}, subunit={id=null, name=null}, empStatus={id=null, name=null}, supervisors=[]}, {empNumber=202, lastName=Yost, firstName=Chana, middleName=Isidro Stanton Roberts, employeeId=null, terminationId=null, jobTitle={id=null, title=null, isDeleted=null}, subunit={id=null, name=null}, empStatus={id=null, name=null}, supervisors=[]}, {empNumber=113, lastName=Carter, firstName=Charles, middleName=, employeeId=0320, terminationId=null, jobTitle={id=null, title=null, isDeleted=null}, subunit={id=null, name=null}, empStatus={id=null, name=null}, supervisors=[]}, {empNumber=107, lastName=Smith, firstName=Charlotte, middleName=, employeeId=00392, terminationId=null, jobTitle={id=null, title=null, isDeleted=null}, subunit={id=null, name=null}, empStatus={id=null, name=null}, supervisors=[]}, {empNumber=182, lastName=Bogan, firstName=Chong, middleName=Antoinette Huel Hane, employeeId=null, terminationId=null, jobTitle={id=null, title=null, isDeleted=null}, subunit={id=null, name=null}, empStatus={id=null, name=null}, supervisors=[]}, {empNumber=158, lastName=Mcmillan, firstName=Christopher, middleName=, employeeId=0363, terminationId=null, jobTitle={id=null, title=null, isDeleted=null}, subunit={id=null, name=null}, empStatus={id=null, name=null}, supervisors=[]}, {empNumber=186, lastName=Steuber, firstName=Cristopher, middleName=Kristen Hand Walker Jr., employeeId=null, terminationId=null, jobTitle={id=null, title=null, isDeleted=null}, subunit={id=null, name=null}, empStatus={id=null, name=null}, supervisors=[]}, {empNumber=174, lastName=Hansen, firstName=Dale, middleName=Jacki Runolfsson Reichert Sr., employeeId=null, terminationId=null, jobTitle={id=null, title=null, isDeleted=null}, subunit={id=null, name=null}, empStatus={id=null, name=null}, supervisors=[]}, {empNumber=173, lastName=Boyle, firstName=Daniel, middleName=Portia Jacobi Gorczany, employeeId=null, terminationId=null, jobTitle={id=null, title=null, isDeleted=null}, subunit={id=null, name=null}, empStatus={id=null, name=null}, supervisors=[]}, {empNumber=198, lastName=Boehm, firstName=Davida, middleName=Mrs. Ludivina Sauer Hilpert, employeeId=null, terminationId=null, jobTitle={id=null, title=null, isDeleted=null}, subunit={id=null, name=null}, empStatus={id=null, name=null}, supervisors=[]}, {empNumber=229, lastName=dd, firstName=ddd, middleName=, employeeId=0431, terminationId=null, jobTitle={id=null, title=null, isDeleted=null}, subunit={id=null, name=null}, empStatus={id=null, name=null}, supervisors=[]}, {empNumber=81, lastName=ibuvlwtfsfibuvlwtfsf, firstName=dhbrukkuzldhbrukkuzl, middleName=, employeeId=0290, terminationId=null, jobTitle={id=null, title=null, isDeleted=null}, subunit={id=null, name=null}, empStatus={id=null, name=null}, supervisors=[]}, {empNumber=85, lastName=P, firstName=DHINA, middleName=KARAN, employeeId=0294, terminationId=null, jobTitle={id=null, title=null, isDeleted=null}, subunit={id=null, name=null}, empStatus={id=null, name=null}, supervisors=[]}, {empNumber=195, lastName=Simonis, firstName=Else, middleName=Tom Romaguera Fritsch, employeeId=null, terminationId=null, jobTitle={id=null, title=null, isDeleted=null}, subunit={id=null, name=null}, empStatus={id=null, name=null}, supervisors=[]}, {empNumber=189, lastName=Jerde, firstName=Elwood, middleName=Joesph Kozey Konopelski, employeeId=null, terminationId=null, jobTitle={id=null, title=null, isDeleted=null}, subunit={id=null, name=null}, empStatus={id=null, name=null}, supervisors=[]}, {empNumber=118, lastName=Jones, firstName=Emily, middleName=, employeeId=09557, terminationId=null, jobTitle={id=null, title=null, isDeleted=null}, subunit={id=null, name=null}, empStatus={id=null, name=null}, supervisors=[]}, {empNumber=157, lastName=LName, firstName=FName, middleName=Mname, employeeId=1235, terminationId=null, jobTitle={id=null, title=null, isDeleted=null}, subunit={id=null, name=null}, empStatus={id=null, name=null}, supervisors=[]}, {empNumber=127, lastName=ltsxgy, firstName=ftdkux, middleName=, employeeId=ATPValue, terminationId=null, jobTitle={id=null, title=null, isDeleted=null}, subunit={id=null, name=null}, empStatus={id=null, name=null}, supervisors=[]}, {empNumber=148, lastName=ltwrrt, firstName=fthnvn, middleName=, employeeId=ATPValue, terminationId=null, jobTitle={id=null, title=null, isDeleted=null}, subunit={id=null, name=null}, empStatus={id=null, name=null}, supervisors=[]}, {empNumber=147, lastName=ltwrrt, firstName=fthnvn, middleName=, employeeId=ATPValue, terminationId=null, jobTitle={id=null, title=null, isDeleted=null}, subunit={id=null, name=null}, empStatus={id=null, name=null}, supervisors=[]}, {empNumber=146, lastName=ltrhtm, firstName=fthyfv, middleName=, employeeId=ATPValue, terminationId=null, jobTitle={id=null, title=null, isDeleted=null}, subunit={id=null, name=null}, empStatus={id=null, name=null}, supervisors=[]}, {empNumber=149, lastName=ltpugr, firstName=ftioiu, middleName=, employeeId=ATPValue, terminationId=null, jobTitle={id=null, title=null, isDeleted=null}, subunit={id=null, name=null}, empStatus={id=null, name=null}, supervisors=[]}, {empNumber=141, lastName=ltpugr, firstName=ftioiu, middleName=, employeeId=ATPValue, terminationId=null, jobTitle={id=null, title=null, isDeleted=null}, subunit={id=null, name=null}, empStatus={id=null, name=null}, supervisors=[]}, {empNumber=153, lastName=ltpugr, firstName=ftioiu, middleName=, employeeId=ATPValue, terminationId=null, jobTitle={id=null, title=null, isDeleted=null}, subunit={id=null, name=null}, empStatus={id=null, name=null}, supervisors=[]}] (ArrayList)
]]>&#x1f50d;<![CDATA[ Validando campo: empNumber | Esperado: 128 (Integer) | Actual: 128 (Integer)
]]>&#x1f50d;<![CDATA[ Validando campo: lastName | Esperado: 444444 (String) | Actual: 444444 (String)
]]>&#x1f50d;<![CDATA[ Validando campo: firstName | Esperado: 123445 (String) | Actual: 123445 (String)
]]>&#x1f50d;<![CDATA[ Validando campo: middleName | Esperado: 34 (String) | Actual: 34 (String)
]]>&#x1f50d;<![CDATA[ Validando campo: employeeId | Esperado: dfgsjsjdh (String) | Actual: dfgsjsjdh (String)
⚠️ Campo faltante en respuesta: terminationId
]]>&#x1f50d;<![CDATA[ Validando campo: jobTitle | Esperado: {id=null, title=null, isDeleted=null} (LinkedHashMap) | Actual: {id=null, title=null, isDeleted=null} (LinkedHashMap)
]]>&#x1f7e1;<![CDATA[ Campo ignorado: id
⚠️ Campo faltante en respuesta: title
⚠️ Campo faltante en respuesta: isDeleted
]]>&#x1f50d;<![CDATA[ Validando campo: subunit | Esperado: {id=null, name=null} (LinkedHashMap) | Actual: {id=null, name=null} (LinkedHashMap)
]]>&#x1f7e1;<![CDATA[ Campo ignorado: id
⚠️ Campo faltante en respuesta: name
]]>&#x1f50d;<![CDATA[ Validando campo: empStatus | Esperado: {id=null, name=null} (LinkedHashMap) | Actual: {id=null, name=null} (LinkedHashMap)
]]>&#x1f7e1;<![CDATA[ Campo ignorado: id
⚠️ Campo faltante en respuesta: name
]]>&#x1f50d;<![CDATA[ Validando campo: supervisors | Esperado: [] (ArrayList) | Actual: [] (ArrayList)
]]>&#x1f50d;<![CDATA[ Validando campo: empNumber | Esperado: 86 (Integer) | Actual: 86 (Integer)
]]>&#x1f50d;<![CDATA[ Validando campo: lastName | Esperado: 5TlV (String) | Actual: 5TlV (String)
]]>&#x1f50d;<![CDATA[ Validando campo: firstName | Esperado: 99N75 (String) | Actual: 99N75 (String)
]]>&#x1f50d;<![CDATA[ Validando campo: middleName | Esperado: 425 (String) | Actual: 425 (String)
]]>&#x1f50d;<![CDATA[ Validando campo: employeeId | Esperado: 0295 (String) | Actual: 0295 (String)
⚠️ Campo faltante en respuesta: terminationId
]]>&#x1f50d;<![CDATA[ Validando campo: jobTitle | Esperado: {id=null, title=null, isDeleted=null} (LinkedHashMap) | Actual: {id=null, title=null, isDeleted=null} (LinkedHashMap)
]]>&#x1f7e1;<![CDATA[ Campo ignorado: id
⚠️ Campo faltante en respuesta: title
⚠️ Campo faltante en respuesta: isDeleted
]]>&#x1f50d;<![CDATA[ Validando campo: subunit | Esperado: {id=null, name=null} (LinkedHashMap) | Actual: {id=null, name=null} (LinkedHashMap)
]]>&#x1f7e1;<![CDATA[ Campo ignorado: id
⚠️ Campo faltante en respuesta: name
]]>&#x1f50d;<![CDATA[ Validando campo: empStatus | Esperado: {id=null, name=null} (LinkedHashMap) | Actual: {id=null, name=null} (LinkedHashMap)
]]>&#x1f7e1;<![CDATA[ Campo ignorado: id
⚠️ Campo faltante en respuesta: name
]]>&#x1f50d;<![CDATA[ Validando campo: supervisors | Esperado: [] (ArrayList) | Actual: [] (ArrayList)
]]>&#x1f50d;<![CDATA[ Validando campo: empNumber | Esperado: 212 (Integer) | Actual: 212 (Integer)
]]>&#x1f50d;<![CDATA[ Validando campo: lastName | Esperado: aa (String) | Actual: aa (String)
]]>&#x1f50d;<![CDATA[ Validando campo: firstName | Esperado: a (String) | Actual: a (String)
]]>&#x1f50d;<![CDATA[ Validando campo: middleName | Esperado: a (String) | Actual: a (String)
]]>&#x1f50d;<![CDATA[ Validando campo: employeeId | Esperado: 0375 (String) | Actual: 0375 (String)
⚠️ Campo faltante en respuesta: terminationId
]]>&#x1f50d;<![CDATA[ Validando campo: jobTitle | Esperado: {id=null, title=null, isDeleted=null} (LinkedHashMap) | Actual: {id=null, title=null, isDeleted=null} (LinkedHashMap)
]]>&#x1f7e1;<![CDATA[ Campo ignorado: id
⚠️ Campo faltante en respuesta: title
⚠️ Campo faltante en respuesta: isDeleted
]]>&#x1f50d;<![CDATA[ Validando campo: subunit | Esperado: {id=null, name=null} (LinkedHashMap) | Actual: {id=null, name=null} (LinkedHashMap)
]]>&#x1f7e1;<![CDATA[ Campo ignorado: id
⚠️ Campo faltante en respuesta: name
]]>&#x1f50d;<![CDATA[ Validando campo: empStatus | Esperado: {id=null, name=null} (LinkedHashMap) | Actual: {id=null, name=null} (LinkedHashMap)
]]>&#x1f7e1;<![CDATA[ Campo ignorado: id
⚠️ Campo faltante en respuesta: name
]]>&#x1f50d;<![CDATA[ Validando campo: supervisors | Esperado: [] (ArrayList) | Actual: [] (ArrayList)
]]>&#x1f50d;<![CDATA[ Validando campo: empNumber | Esperado: 104 (Integer) | Actual: 104 (Integer)
]]>&#x1f50d;<![CDATA[ Validando campo: lastName | Esperado: 010Z (String) | Actual: 010Z (String)
]]>&#x1f50d;<![CDATA[ Validando campo: firstName | Esperado: A8DCo (String) | Actual: A8DCo (String)
]]>&#x1f50d;<![CDATA[ Validando campo: middleName | Esperado: 4Ys (String) | Actual: 4Ys (String)
]]>&#x1f50d;<![CDATA[ Validando campo: employeeId | Esperado: 0312 (String) | Actual: 0312 (String)
⚠️ Campo faltante en respuesta: terminationId
]]>&#x1f50d;<![CDATA[ Validando campo: jobTitle | Esperado: {id=null, title=null, isDeleted=null} (LinkedHashMap) | Actual: {id=null, title=null, isDeleted=null} (LinkedHashMap)
]]>&#x1f7e1;<![CDATA[ Campo ignorado: id
⚠️ Campo faltante en respuesta: title
⚠️ Campo faltante en respuesta: isDeleted
]]>&#x1f50d;<![CDATA[ Validando campo: subunit | Esperado: {id=null, name=null} (LinkedHashMap) | Actual: {id=null, name=null} (LinkedHashMap)
]]>&#x1f7e1;<![CDATA[ Campo ignorado: id
⚠️ Campo faltante en respuesta: name
]]>&#x1f50d;<![CDATA[ Validando campo: empStatus | Esperado: {id=null, name=null} (LinkedHashMap) | Actual: {id=null, name=null} (LinkedHashMap)
]]>&#x1f7e1;<![CDATA[ Campo ignorado: id
⚠️ Campo faltante en respuesta: name
]]>&#x1f50d;<![CDATA[ Validando campo: supervisors | Esperado: [] (ArrayList) | Actual: [] (ArrayList)
]]>&#x1f50d;<![CDATA[ Validando campo: empNumber | Esperado: 230 (Integer) | Actual: 230 (Integer)
]]>&#x1f50d;<![CDATA[ Validando campo: lastName | Esperado: Collier (String) | Actual: Collier (String)
]]>&#x1f50d;<![CDATA[ Validando campo: firstName | Esperado: Agustina (String) | Actual: Agustina (String)
]]>&#x1f50d;<![CDATA[ Validando campo: middleName | Esperado:  (String) | Actual:  (String)
]]>&#x1f50d;<![CDATA[ Validando campo: employeeId | Esperado: 9960 (String) | Actual: 9960 (String)
⚠️ Campo faltante en respuesta: terminationId
]]>&#x1f50d;<![CDATA[ Validando campo: jobTitle | Esperado: {id=null, title=null, isDeleted=null} (LinkedHashMap) | Actual: {id=null, title=null, isDeleted=null} (LinkedHashMap)
]]>&#x1f7e1;<![CDATA[ Campo ignorado: id
⚠️ Campo faltante en respuesta: title
⚠️ Campo faltante en respuesta: isDeleted
]]>&#x1f50d;<![CDATA[ Validando campo: subunit | Esperado: {id=null, name=null} (LinkedHashMap) | Actual: {id=null, name=null} (LinkedHashMap)
]]>&#x1f7e1;<![CDATA[ Campo ignorado: id
⚠️ Campo faltante en respuesta: name
]]>&#x1f50d;<![CDATA[ Validando campo: empStatus | Esperado: {id=null, name=null} (LinkedHashMap) | Actual: {id=null, name=null} (LinkedHashMap)
]]>&#x1f7e1;<![CDATA[ Campo ignorado: id
⚠️ Campo faltante en respuesta: name
]]>&#x1f50d;<![CDATA[ Validando campo: supervisors | Esperado: [] (ArrayList) | Actual: [] (ArrayList)
]]>&#x1f50d;<![CDATA[ Validando campo: empNumber | Esperado: 228 (Integer) | Actual: 211 (Integer)
]]>&#x1f50d;<![CDATA[ Validando campo: lastName | Esperado: Patole (String) | Actual: Patole (String)
]]>&#x1f50d;<![CDATA[ Validando campo: firstName | Esperado: Akshay (String) | Actual: Akshay (String)
]]>&#x1f50d;<![CDATA[ Validando campo: middleName | Esperado: abc (String) | Actual: abc (String)
]]>&#x1f50d;<![CDATA[ Validando campo: employeeId | Esperado: 0430 (String) | Actual: 0413 (String)
⚠️ Campo faltante en respuesta: terminationId
]]>&#x1f50d;<![CDATA[ Validando campo: jobTitle | Esperado: {id=null, title=null, isDeleted=null} (LinkedHashMap) | Actual: {id=null, title=null, isDeleted=null} (LinkedHashMap)
]]>&#x1f7e1;<![CDATA[ Campo ignorado: id
⚠️ Campo faltante en respuesta: title
⚠️ Campo faltante en respuesta: isDeleted
]]>&#x1f50d;<![CDATA[ Validando campo: subunit | Esperado: {id=null, name=null} (LinkedHashMap) | Actual: {id=null, name=null} (LinkedHashMap)
]]>&#x1f7e1;<![CDATA[ Campo ignorado: id
⚠️ Campo faltante en respuesta: name
]]>&#x1f50d;<![CDATA[ Validando campo: empStatus | Esperado: {id=null, name=null} (LinkedHashMap) | Actual: {id=null, name=null} (LinkedHashMap)
]]>&#x1f7e1;<![CDATA[ Campo ignorado: id
⚠️ Campo faltante en respuesta: name
]]>&#x1f50d;<![CDATA[ Validando campo: supervisors | Esperado: [] (ArrayList) | Actual: [] (ArrayList)
]]>&#x1f50d;<![CDATA[ Validando campo: empNumber | Esperado: 220 (Integer) | Actual: 185 (Integer)
]]>&#x1f50d;<![CDATA[ Validando campo: lastName | Esperado: Patole (String) | Actual: Patole (String)
]]>&#x1f50d;<![CDATA[ Validando campo: firstName | Esperado: Akshay (String) | Actual: Akshay (String)
]]>&#x1f50d;<![CDATA[ Validando campo: middleName | Esperado: abc (String) | Actual: abc (String)
]]>&#x1f50d;<![CDATA[ Validando campo: employeeId | Esperado: 0422 (String) | Actual: 0387 (String)
⚠️ Campo faltante en respuesta: terminationId
]]>&#x1f50d;<![CDATA[ Validando campo: jobTitle | Esperado: {id=null, title=null, isDeleted=null} (LinkedHashMap) | Actual: {id=null, title=null, isDeleted=null} (LinkedHashMap)
]]>&#x1f7e1;<![CDATA[ Campo ignorado: id
⚠️ Campo faltante en respuesta: title
⚠️ Campo faltante en respuesta: isDeleted
]]>&#x1f50d;<![CDATA[ Validando campo: subunit | Esperado: {id=null, name=null} (LinkedHashMap) | Actual: {id=null, name=null} (LinkedHashMap)
]]>&#x1f7e1;<![CDATA[ Campo ignorado: id
⚠️ Campo faltante en respuesta: name
]]>&#x1f50d;<![CDATA[ Validando campo: empStatus | Esperado: {id=null, name=null} (LinkedHashMap) | Actual: {id=null, name=null} (LinkedHashMap)
]]>&#x1f7e1;<![CDATA[ Campo ignorado: id
⚠️ Campo faltante en respuesta: name
]]>&#x1f50d;<![CDATA[ Validando campo: supervisors | Esperado: [] (ArrayList) | Actual: [] (ArrayList)
]]>&#x1f50d;<![CDATA[ Validando campo: empNumber | Esperado: 211 (Integer) | Actual: 228 (Integer)
]]>&#x1f50d;<![CDATA[ Validando campo: lastName | Esperado: Patole (String) | Actual: Patole (String)
]]>&#x1f50d;<![CDATA[ Validando campo: firstName | Esperado: Akshay (String) | Actual: Akshay (String)
]]>&#x1f50d;<![CDATA[ Validando campo: middleName | Esperado: abc (String) | Actual: abc (String)
]]>&#x1f50d;<![CDATA[ Validando campo: employeeId | Esperado: 0413 (String) | Actual: 0430 (String)
⚠️ Campo faltante en respuesta: terminationId
]]>&#x1f50d;<![CDATA[ Validando campo: jobTitle | Esperado: {id=null, title=null, isDeleted=null} (LinkedHashMap) | Actual: {id=null, title=null, isDeleted=null} (LinkedHashMap)
]]>&#x1f7e1;<![CDATA[ Campo ignorado: id
⚠️ Campo faltante en respuesta: title
⚠️ Campo faltante en respuesta: isDeleted
]]>&#x1f50d;<![CDATA[ Validando campo: subunit | Esperado: {id=null, name=null} (LinkedHashMap) | Actual: {id=null, name=null} (LinkedHashMap)
]]>&#x1f7e1;<![CDATA[ Campo ignorado: id
⚠️ Campo faltante en respuesta: name
]]>&#x1f50d;<![CDATA[ Validando campo: empStatus | Esperado: {id=null, name=null} (LinkedHashMap) | Actual: {id=null, name=null} (LinkedHashMap)
]]>&#x1f7e1;<![CDATA[ Campo ignorado: id
⚠️ Campo faltante en respuesta: name
]]>&#x1f50d;<![CDATA[ Validando campo: supervisors | Esperado: [] (ArrayList) | Actual: [] (ArrayList)
]]>&#x1f50d;<![CDATA[ Validando campo: empNumber | Esperado: 185 (Integer) | Actual: 220 (Integer)
]]>&#x1f50d;<![CDATA[ Validando campo: lastName | Esperado: Patole (String) | Actual: Patole (String)
]]>&#x1f50d;<![CDATA[ Validando campo: firstName | Esperado: Akshay (String) | Actual: Akshay (String)
]]>&#x1f50d;<![CDATA[ Validando campo: middleName | Esperado: abc (String) | Actual: abc (String)
]]>&#x1f50d;<![CDATA[ Validando campo: employeeId | Esperado: 0387 (String) | Actual: 0422 (String)
⚠️ Campo faltante en respuesta: terminationId
]]>&#x1f50d;<![CDATA[ Validando campo: jobTitle | Esperado: {id=null, title=null, isDeleted=null} (LinkedHashMap) | Actual: {id=null, title=null, isDeleted=null} (LinkedHashMap)
]]>&#x1f7e1;<![CDATA[ Campo ignorado: id
⚠️ Campo faltante en respuesta: title
⚠️ Campo faltante en respuesta: isDeleted
]]>&#x1f50d;<![CDATA[ Validando campo: subunit | Esperado: {id=null, name=null} (LinkedHashMap) | Actual: {id=null, name=null} (LinkedHashMap)
]]>&#x1f7e1;<![CDATA[ Campo ignorado: id
⚠️ Campo faltante en respuesta: name
]]>&#x1f50d;<![CDATA[ Validando campo: empStatus | Esperado: {id=null, name=null} (LinkedHashMap) | Actual: {id=null, name=null} (LinkedHashMap)
]]>&#x1f7e1;<![CDATA[ Campo ignorado: id
⚠️ Campo faltante en respuesta: name
]]>&#x1f50d;<![CDATA[ Validando campo: supervisors | Esperado: [] (ArrayList) | Actual: [] (ArrayList)
]]>&#x1f50d;<![CDATA[ Validando campo: empNumber | Esperado: 116 (Integer) | Actual: 116 (Integer)
]]>&#x1f50d;<![CDATA[ Validando campo: lastName | Esperado: Brown (String) | Actual: Brown (String)
]]>&#x1f50d;<![CDATA[ Validando campo: firstName | Esperado: Amelia (String) | Actual: Amelia (String)
]]>&#x1f50d;<![CDATA[ Validando campo: middleName | Esperado:  (String) | Actual:  (String)
]]>&#x1f50d;<![CDATA[ Validando campo: employeeId | Esperado: 01715 (String) | Actual: 01715 (String)
⚠️ Campo faltante en respuesta: terminationId
]]>&#x1f50d;<![CDATA[ Validando campo: jobTitle | Esperado: {id=null, title=null, isDeleted=null} (LinkedHashMap) | Actual: {id=null, title=null, isDeleted=null} (LinkedHashMap)
]]>&#x1f7e1;<![CDATA[ Campo ignorado: id
⚠️ Campo faltante en respuesta: title
⚠️ Campo faltante en respuesta: isDeleted
]]>&#x1f50d;<![CDATA[ Validando campo: subunit | Esperado: {id=null, name=null} (LinkedHashMap) | Actual: {id=null, name=null} (LinkedHashMap)
]]>&#x1f7e1;<![CDATA[ Campo ignorado: id
⚠️ Campo faltante en respuesta: name
]]>&#x1f50d;<![CDATA[ Validando campo: empStatus | Esperado: {id=null, name=null} (LinkedHashMap) | Actual: {id=null, name=null} (LinkedHashMap)
]]>&#x1f7e1;<![CDATA[ Campo ignorado: id
⚠️ Campo faltante en respuesta: name
]]>&#x1f50d;<![CDATA[ Validando campo: supervisors | Esperado: [] (ArrayList) | Actual: [] (ArrayList)
]]>&#x1f50d;<![CDATA[ Validando campo: empNumber | Esperado: 203 (Integer) | Actual: 213 (Integer)
]]>&#x1f50d;<![CDATA[ Validando campo: lastName | Esperado: Patil (String) | Actual: Patil (String)
]]>&#x1f50d;<![CDATA[ Validando campo: firstName | Esperado: Anand (String) | Actual: Anand (String)
]]>&#x1f50d;<![CDATA[ Validando campo: middleName | Esperado: abc (String) | Actual: abc (String)
]]>&#x1f50d;<![CDATA[ Validando campo: employeeId | Esperado: 0405 (String) | Actual: 0415 (String)
⚠️ Campo faltante en respuesta: terminationId
]]>&#x1f50d;<![CDATA[ Validando campo: jobTitle | Esperado: {id=null, title=null, isDeleted=null} (LinkedHashMap) | Actual: {id=null, title=null, isDeleted=null} (LinkedHashMap)
]]>&#x1f7e1;<![CDATA[ Campo ignorado: id
⚠️ Campo faltante en respuesta: title
⚠️ Campo faltante en respuesta: isDeleted
]]>&#x1f50d;<![CDATA[ Validando campo: subunit | Esperado: {id=null, name=null} (LinkedHashMap) | Actual: {id=null, name=null} (LinkedHashMap)
]]>&#x1f7e1;<![CDATA[ Campo ignorado: id
⚠️ Campo faltante en respuesta: name
]]>&#x1f50d;<![CDATA[ Validando campo: empStatus | Esperado: {id=null, name=null} (LinkedHashMap) | Actual: {id=null, name=null} (LinkedHashMap)
]]>&#x1f7e1;<![CDATA[ Campo ignorado: id
⚠️ Campo faltante en respuesta: name
]]>&#x1f50d;<![CDATA[ Validando campo: supervisors | Esperado: [] (ArrayList) | Actual: [] (ArrayList)
]]>&#x1f50d;<![CDATA[ Validando campo: empNumber | Esperado: 221 (Integer) | Actual: 203 (Integer)
]]>&#x1f50d;<![CDATA[ Validando campo: lastName | Esperado: Patil (String) | Actual: Patil (String)
]]>&#x1f50d;<![CDATA[ Validando campo: firstName | Esperado: Anand (String) | Actual: Anand (String)
]]>&#x1f50d;<![CDATA[ Validando campo: middleName | Esperado: abc (String) | Actual: abc (String)
]]>&#x1f50d;<![CDATA[ Validando campo: employeeId | Esperado: 0423 (String) | Actual: 0405 (String)
⚠️ Campo faltante en respuesta: terminationId
]]>&#x1f50d;<![CDATA[ Validando campo: jobTitle | Esperado: {id=null, title=null, isDeleted=null} (LinkedHashMap) | Actual: {id=null, title=null, isDeleted=null} (LinkedHashMap)
]]>&#x1f7e1;<![CDATA[ Campo ignorado: id
⚠️ Campo faltante en respuesta: title
⚠️ Campo faltante en respuesta: isDeleted
]]>&#x1f50d;<![CDATA[ Validando campo: subunit | Esperado: {id=null, name=null} (LinkedHashMap) | Actual: {id=null, name=null} (LinkedHashMap)
]]>&#x1f7e1;<![CDATA[ Campo ignorado: id
⚠️ Campo faltante en respuesta: name
]]>&#x1f50d;<![CDATA[ Validando campo: empStatus | Esperado: {id=null, name=null} (LinkedHashMap) | Actual: {id=null, name=null} (LinkedHashMap)
]]>&#x1f7e1;<![CDATA[ Campo ignorado: id
⚠️ Campo faltante en respuesta: name
]]>&#x1f50d;<![CDATA[ Validando campo: supervisors | Esperado: [] (ArrayList) | Actual: [] (ArrayList)
]]>&#x1f50d;<![CDATA[ Validando campo: empNumber | Esperado: 176 (Integer) | Actual: 221 (Integer)
]]>&#x1f50d;<![CDATA[ Validando campo: lastName | Esperado: Patil (String) | Actual: Patil (String)
]]>&#x1f50d;<![CDATA[ Validando campo: firstName | Esperado: Anand (String) | Actual: Anand (String)
]]>&#x1f50d;<![CDATA[ Validando campo: middleName | Esperado: abc (String) | Actual: abc (String)
]]>&#x1f50d;<![CDATA[ Validando campo: employeeId | Esperado: 0378 (String) | Actual: 0423 (String)
⚠️ Campo faltante en respuesta: terminationId
]]>&#x1f50d;<![CDATA[ Validando campo: jobTitle | Esperado: {id=null, title=null, isDeleted=null} (LinkedHashMap) | Actual: {id=null, title=null, isDeleted=null} (LinkedHashMap)
]]>&#x1f7e1;<![CDATA[ Campo ignorado: id
⚠️ Campo faltante en respuesta: title
⚠️ Campo faltante en respuesta: isDeleted
]]>&#x1f50d;<![CDATA[ Validando campo: subunit | Esperado: {id=null, name=null} (LinkedHashMap) | Actual: {id=null, name=null} (LinkedHashMap)
]]>&#x1f7e1;<![CDATA[ Campo ignorado: id
⚠️ Campo faltante en respuesta: name
]]>&#x1f50d;<![CDATA[ Validando campo: empStatus | Esperado: {id=null, name=null} (LinkedHashMap) | Actual: {id=null, name=null} (LinkedHashMap)
]]>&#x1f7e1;<![CDATA[ Campo ignorado: id
⚠️ Campo faltante en respuesta: name
]]>&#x1f50d;<![CDATA[ Validando campo: supervisors | Esperado: [] (ArrayList) | Actual: [] (ArrayList)
]]>&#x1f50d;<![CDATA[ Validando campo: empNumber | Esperado: 213 (Integer) | Actual: 176 (Integer)
]]>&#x1f50d;<![CDATA[ Validando campo: lastName | Esperado: Patil (String) | Actual: Patil (String)
]]>&#x1f50d;<![CDATA[ Validando campo: firstName | Esperado: Anand (String) | Actual: Anand (String)
]]>&#x1f50d;<![CDATA[ Validando campo: middleName | Esperado: abc (String) | Actual: abc (String)
]]>&#x1f50d;<![CDATA[ Validando campo: employeeId | Esperado: 0415 (String) | Actual: 0378 (String)
⚠️ Campo faltante en respuesta: terminationId
]]>&#x1f50d;<![CDATA[ Validando campo: jobTitle | Esperado: {id=null, title=null, isDeleted=null} (LinkedHashMap) | Actual: {id=null, title=null, isDeleted=null} (LinkedHashMap)
]]>&#x1f7e1;<![CDATA[ Campo ignorado: id
⚠️ Campo faltante en respuesta: title
⚠️ Campo faltante en respuesta: isDeleted
]]>&#x1f50d;<![CDATA[ Validando campo: subunit | Esperado: {id=null, name=null} (LinkedHashMap) | Actual: {id=null, name=null} (LinkedHashMap)
]]>&#x1f7e1;<![CDATA[ Campo ignorado: id
⚠️ Campo faltante en respuesta: name
]]>&#x1f50d;<![CDATA[ Validando campo: empStatus | Esperado: {id=null, name=null} (LinkedHashMap) | Actual: {id=null, name=null} (LinkedHashMap)
]]>&#x1f7e1;<![CDATA[ Campo ignorado: id
⚠️ Campo faltante en respuesta: name
]]>&#x1f50d;<![CDATA[ Validando campo: supervisors | Esperado: [] (ArrayList) | Actual: [] (ArrayList)
]]>&#x1f50d;<![CDATA[ Validando campo: empNumber | Esperado: 169 (Integer) | Actual: 155 (Integer)
]]>&#x1f50d;<![CDATA[ Validando campo: lastName | Esperado: patil (String) | Actual: t (String)
]]>&#x1f50d;<![CDATA[ Validando campo: firstName | Esperado: aniket (String) | Actual: aniket (String)
]]>&#x1f50d;<![CDATA[ Validando campo: middleName | Esperado: Ashok (String) | Actual: t (String)
]]>&#x1f50d;<![CDATA[ Validando campo: employeeId | Esperado: 253 (String) | Actual: 0360 (String)
⚠️ Campo faltante en respuesta: terminationId
]]>&#x1f50d;<![CDATA[ Validando campo: jobTitle | Esperado: {id=null, title=null, isDeleted=null} (LinkedHashMap) | Actual: {id=null, title=null, isDeleted=null} (LinkedHashMap)
]]>&#x1f7e1;<![CDATA[ Campo ignorado: id
⚠️ Campo faltante en respuesta: title
⚠️ Campo faltante en respuesta: isDeleted
]]>&#x1f50d;<![CDATA[ Validando campo: subunit | Esperado: {id=null, name=null} (LinkedHashMap) | Actual: {id=null, name=null} (LinkedHashMap)
]]>&#x1f7e1;<![CDATA[ Campo ignorado: id
⚠️ Campo faltante en respuesta: name
]]>&#x1f50d;<![CDATA[ Validando campo: empStatus | Esperado: {id=null, name=null} (LinkedHashMap) | Actual: {id=null, name=null} (LinkedHashMap)
]]>&#x1f7e1;<![CDATA[ Campo ignorado: id
⚠️ Campo faltante en respuesta: name
]]>&#x1f50d;<![CDATA[ Validando campo: supervisors | Esperado: [] (ArrayList) | Actual: [] (ArrayList)
]]>&#x1f50d;<![CDATA[ Validando campo: empNumber | Esperado: 155 (Integer) | Actual: 169 (Integer)
]]>&#x1f50d;<![CDATA[ Validando campo: lastName | Esperado: t (String) | Actual: patil (String)
]]>&#x1f50d;<![CDATA[ Validando campo: firstName | Esperado: aniket (String) | Actual: aniket (String)
]]>&#x1f50d;<![CDATA[ Validando campo: middleName | Esperado: t (String) | Actual: Ashok (String)
]]>&#x1f50d;<![CDATA[ Validando campo: employeeId | Esperado: 0360 (String) | Actual: 253 (String)
⚠️ Campo faltante en respuesta: terminationId
]]>&#x1f50d;<![CDATA[ Validando campo: jobTitle | Esperado: {id=null, title=null, isDeleted=null} (LinkedHashMap) | Actual: {id=null, title=null, isDeleted=null} (LinkedHashMap)
]]>&#x1f7e1;<![CDATA[ Campo ignorado: id
⚠️ Campo faltante en respuesta: title
⚠️ Campo faltante en respuesta: isDeleted
]]>&#x1f50d;<![CDATA[ Validando campo: subunit | Esperado: {id=null, name=null} (LinkedHashMap) | Actual: {id=null, name=null} (LinkedHashMap)
]]>&#x1f7e1;<![CDATA[ Campo ignorado: id
⚠️ Campo faltante en respuesta: name
]]>&#x1f50d;<![CDATA[ Validando campo: empStatus | Esperado: {id=null, name=null} (LinkedHashMap) | Actual: {id=null, name=null} (LinkedHashMap)
]]>&#x1f7e1;<![CDATA[ Campo ignorado: id
⚠️ Campo faltante en respuesta: name
]]>&#x1f50d;<![CDATA[ Validando campo: supervisors | Esperado: [] (ArrayList) | Actual: [] (ArrayList)
]]>&#x1f50d;<![CDATA[ Validando campo: empNumber | Esperado: 210 (Integer) | Actual: 219 (Integer)
]]>&#x1f50d;<![CDATA[ Validando campo: lastName | Esperado: Ghodake (String) | Actual: Ghodake (String)
]]>&#x1f50d;<![CDATA[ Validando campo: firstName | Esperado: Ankit (String) | Actual: Ankit (String)
]]>&#x1f50d;<![CDATA[ Validando campo: middleName | Esperado: abc (String) | Actual: abc (String)
]]>&#x1f50d;<![CDATA[ Validando campo: employeeId | Esperado: 0412 (String) | Actual: 0421 (String)
⚠️ Campo faltante en respuesta: terminationId
]]>&#x1f50d;<![CDATA[ Validando campo: jobTitle | Esperado: {id=null, title=null, isDeleted=null} (LinkedHashMap) | Actual: {id=null, title=null, isDeleted=null} (LinkedHashMap)
]]>&#x1f7e1;<![CDATA[ Campo ignorado: id
⚠️ Campo faltante en respuesta: title
⚠️ Campo faltante en respuesta: isDeleted
]]>&#x1f50d;<![CDATA[ Validando campo: subunit | Esperado: {id=null, name=null} (LinkedHashMap) | Actual: {id=null, name=null} (LinkedHashMap)
]]>&#x1f7e1;<![CDATA[ Campo ignorado: id
⚠️ Campo faltante en respuesta: name
]]>&#x1f50d;<![CDATA[ Validando campo: empStatus | Esperado: {id=null, name=null} (LinkedHashMap) | Actual: {id=null, name=null} (LinkedHashMap)
]]>&#x1f7e1;<![CDATA[ Campo ignorado: id
⚠️ Campo faltante en respuesta: name
]]>&#x1f50d;<![CDATA[ Validando campo: supervisors | Esperado: [] (ArrayList) | Actual: [] (ArrayList)
]]>&#x1f50d;<![CDATA[ Validando campo: empNumber | Esperado: 184 (Integer) | Actual: 210 (Integer)
]]>&#x1f50d;<![CDATA[ Validando campo: lastName | Esperado: Ghodake (String) | Actual: Ghodake (String)
]]>&#x1f50d;<![CDATA[ Validando campo: firstName | Esperado: Ankit (String) | Actual: Ankit (String)
]]>&#x1f50d;<![CDATA[ Validando campo: middleName | Esperado: abc (String) | Actual: abc (String)
]]>&#x1f50d;<![CDATA[ Validando campo: employeeId | Esperado: 0386 (String) | Actual: 0412 (String)
⚠️ Campo faltante en respuesta: terminationId
]]>&#x1f50d;<![CDATA[ Validando campo: jobTitle | Esperado: {id=null, title=null, isDeleted=null} (LinkedHashMap) | Actual: {id=null, title=null, isDeleted=null} (LinkedHashMap)
]]>&#x1f7e1;<![CDATA[ Campo ignorado: id
⚠️ Campo faltante en respuesta: title
⚠️ Campo faltante en respuesta: isDeleted
]]>&#x1f50d;<![CDATA[ Validando campo: subunit | Esperado: {id=null, name=null} (LinkedHashMap) | Actual: {id=null, name=null} (LinkedHashMap)
]]>&#x1f7e1;<![CDATA[ Campo ignorado: id
⚠️ Campo faltante en respuesta: name
]]>&#x1f50d;<![CDATA[ Validando campo: empStatus | Esperado: {id=null, name=null} (LinkedHashMap) | Actual: {id=null, name=null} (LinkedHashMap)
]]>&#x1f7e1;<![CDATA[ Campo ignorado: id
⚠️ Campo faltante en respuesta: name
]]>&#x1f50d;<![CDATA[ Validando campo: supervisors | Esperado: [] (ArrayList) | Actual: [] (ArrayList)
]]>&#x1f50d;<![CDATA[ Validando campo: empNumber | Esperado: 227 (Integer) | Actual: 184 (Integer)
]]>&#x1f50d;<![CDATA[ Validando campo: lastName | Esperado: Ghodake (String) | Actual: Ghodake (String)
]]>&#x1f50d;<![CDATA[ Validando campo: firstName | Esperado: Ankit (String) | Actual: Ankit (String)
]]>&#x1f50d;<![CDATA[ Validando campo: middleName | Esperado: abc (String) | Actual: abc (String)
]]>&#x1f50d;<![CDATA[ Validando campo: employeeId | Esperado: 0429 (String) | Actual: 0386 (String)
⚠️ Campo faltante en respuesta: terminationId
]]>&#x1f50d;<![CDATA[ Validando campo: jobTitle | Esperado: {id=null, title=null, isDeleted=null} (LinkedHashMap) | Actual: {id=null, title=null, isDeleted=null} (LinkedHashMap)
]]>&#x1f7e1;<![CDATA[ Campo ignorado: id
⚠️ Campo faltante en respuesta: title
⚠️ Campo faltante en respuesta: isDeleted
]]>&#x1f50d;<![CDATA[ Validando campo: subunit | Esperado: {id=null, name=null} (LinkedHashMap) | Actual: {id=null, name=null} (LinkedHashMap)
]]>&#x1f7e1;<![CDATA[ Campo ignorado: id
⚠️ Campo faltante en respuesta: name
]]>&#x1f50d;<![CDATA[ Validando campo: empStatus | Esperado: {id=null, name=null} (LinkedHashMap) | Actual: {id=null, name=null} (LinkedHashMap)
]]>&#x1f7e1;<![CDATA[ Campo ignorado: id
⚠️ Campo faltante en respuesta: name
]]>&#x1f50d;<![CDATA[ Validando campo: supervisors | Esperado: [] (ArrayList) | Actual: [] (ArrayList)
]]>&#x1f50d;<![CDATA[ Validando campo: empNumber | Esperado: 219 (Integer) | Actual: 227 (Integer)
]]>&#x1f50d;<![CDATA[ Validando campo: lastName | Esperado: Ghodake (String) | Actual: Ghodake (String)
]]>&#x1f50d;<![CDATA[ Validando campo: firstName | Esperado: Ankit (String) | Actual: Ankit (String)
]]>&#x1f50d;<![CDATA[ Validando campo: middleName | Esperado: abc (String) | Actual: abc (String)
]]>&#x1f50d;<![CDATA[ Validando campo: employeeId | Esperado: 0421 (String) | Actual: 0429 (String)
⚠️ Campo faltante en respuesta: terminationId
]]>&#x1f50d;<![CDATA[ Validando campo: jobTitle | Esperado: {id=null, title=null, isDeleted=null} (LinkedHashMap) | Actual: {id=null, title=null, isDeleted=null} (LinkedHashMap)
]]>&#x1f7e1;<![CDATA[ Campo ignorado: id
⚠️ Campo faltante en respuesta: title
⚠️ Campo faltante en respuesta: isDeleted
]]>&#x1f50d;<![CDATA[ Validando campo: subunit | Esperado: {id=null, name=null} (LinkedHashMap) | Actual: {id=null, name=null} (LinkedHashMap)
]]>&#x1f7e1;<![CDATA[ Campo ignorado: id
⚠️ Campo faltante en respuesta: name
]]>&#x1f50d;<![CDATA[ Validando campo: empStatus | Esperado: {id=null, name=null} (LinkedHashMap) | Actual: {id=null, name=null} (LinkedHashMap)
]]>&#x1f7e1;<![CDATA[ Campo ignorado: id
⚠️ Campo faltante en respuesta: name
]]>&#x1f50d;<![CDATA[ Validando campo: supervisors | Esperado: [] (ArrayList) | Actual: [] (ArrayList)
]]>&#x1f50d;<![CDATA[ Validando campo: empNumber | Esperado: 239 (Integer) | Actual: 239 (Integer)
]]>&#x1f50d;<![CDATA[ Validando campo: lastName | Esperado: nguyễn (String) | Actual: nguyễn (String)
]]>&#x1f50d;<![CDATA[ Validando campo: firstName | Esperado: aqhfjr (String) | Actual: aqhfjr (String)
]]>&#x1f50d;<![CDATA[ Validando campo: middleName | Esperado:  (String) | Actual:  (String)
]]>&#x1f50d;<![CDATA[ Validando campo: employeeId | Esperado: 90557 (String) | Actual: 90557 (String)
⚠️ Campo faltante en respuesta: terminationId
]]>&#x1f50d;<![CDATA[ Validando campo: jobTitle | Esperado: {id=null, title=null, isDeleted=null} (LinkedHashMap) | Actual: {id=null, title=null, isDeleted=null} (LinkedHashMap)
]]>&#x1f7e1;<![CDATA[ Campo ignorado: id
⚠️ Campo faltante en respuesta: title
⚠️ Campo faltante en respuesta: isDeleted
]]>&#x1f50d;<![CDATA[ Validando campo: subunit | Esperado: {id=null, name=null} (LinkedHashMap) | Actual: {id=null, name=null} (LinkedHashMap)
]]>&#x1f7e1;<![CDATA[ Campo ignorado: id
⚠️ Campo faltante en respuesta: name
]]>&#x1f50d;<![CDATA[ Validando campo: empStatus | Esperado: {id=null, name=null} (LinkedHashMap) | Actual: {id=null, name=null} (LinkedHashMap)
]]>&#x1f7e1;<![CDATA[ Campo ignorado: id
⚠️ Campo faltante en respuesta: name
]]>&#x1f50d;<![CDATA[ Validando campo: supervisors | Esperado: [] (ArrayList) | Actual: [] (ArrayList)
]]>&#x1f50d;<![CDATA[ Validando campo: empNumber | Esperado: 200 (Integer) | Actual: 200 (Integer)
]]>&#x1f50d;<![CDATA[ Validando campo: lastName | Esperado: Ondricka (String) | Actual: Ondricka (String)
]]>&#x1f50d;<![CDATA[ Validando campo: firstName | Esperado: Arica (String) | Actual: Arica (String)
]]>&#x1f50d;<![CDATA[ Validando campo: middleName | Esperado: Macie Zieme Yundt (String) | Actual: Macie Zieme Yundt (String)
⚠️ Campo faltante en respuesta: employeeId
⚠️ Campo faltante en respuesta: terminationId
]]>&#x1f50d;<![CDATA[ Validando campo: jobTitle | Esperado: {id=null, title=null, isDeleted=null} (LinkedHashMap) | Actual: {id=null, title=null, isDeleted=null} (LinkedHashMap)
]]>&#x1f7e1;<![CDATA[ Campo ignorado: id
⚠️ Campo faltante en respuesta: title
⚠️ Campo faltante en respuesta: isDeleted
]]>&#x1f50d;<![CDATA[ Validando campo: subunit | Esperado: {id=null, name=null} (LinkedHashMap) | Actual: {id=null, name=null} (LinkedHashMap)
]]>&#x1f7e1;<![CDATA[ Campo ignorado: id
⚠️ Campo faltante en respuesta: name
]]>&#x1f50d;<![CDATA[ Validando campo: empStatus | Esperado: {id=null, name=null} (LinkedHashMap) | Actual: {id=null, name=null} (LinkedHashMap)
]]>&#x1f7e1;<![CDATA[ Campo ignorado: id
⚠️ Campo faltante en respuesta: name
]]>&#x1f50d;<![CDATA[ Validando campo: supervisors | Esperado: [] (ArrayList) | Actual: [] (ArrayList)
]]>&#x1f50d;<![CDATA[ Validando campo: empNumber | Esperado: 163 (Integer) | Actual: 163 (Integer)
]]>&#x1f50d;<![CDATA[ Validando campo: lastName | Esperado: Tyson (String) | Actual: Tyson (String)
]]>&#x1f50d;<![CDATA[ Validando campo: firstName | Esperado: Ash (String) | Actual: Ash (String)
]]>&#x1f50d;<![CDATA[ Validando campo: middleName | Esperado: J (String) | Actual: J (String)
]]>&#x1f50d;<![CDATA[ Validando campo: employeeId | Esperado: 0367 (String) | Actual: 0367 (String)
⚠️ Campo faltante en respuesta: terminationId
]]>&#x1f50d;<![CDATA[ Validando campo: jobTitle | Esperado: {id=null, title=null, isDeleted=null} (LinkedHashMap) | Actual: {id=null, title=null, isDeleted=null} (LinkedHashMap)
]]>&#x1f7e1;<![CDATA[ Campo ignorado: id
⚠️ Campo faltante en respuesta: title
⚠️ Campo faltante en respuesta: isDeleted
]]>&#x1f50d;<![CDATA[ Validando campo: subunit | Esperado: {id=null, name=null} (LinkedHashMap) | Actual: {id=null, name=null} (LinkedHashMap)
]]>&#x1f7e1;<![CDATA[ Campo ignorado: id
⚠️ Campo faltante en respuesta: name
]]>&#x1f50d;<![CDATA[ Validando campo: empStatus | Esperado: {id=null, name=null} (LinkedHashMap) | Actual: {id=null, name=null} (LinkedHashMap)
]]>&#x1f7e1;<![CDATA[ Campo ignorado: id
⚠️ Campo faltante en respuesta: name
]]>&#x1f50d;<![CDATA[ Validando campo: supervisors | Esperado: [] (ArrayList) | Actual: [] (ArrayList)
]]>&#x1f50d;<![CDATA[ Validando campo: empNumber | Esperado: 90 (Integer) | Actual: 90 (Integer)
]]>&#x1f50d;<![CDATA[ Validando campo: lastName | Esperado: ravi (String) | Actual: ravi (String)
]]>&#x1f50d;<![CDATA[ Validando campo: firstName | Esperado: bala (String) | Actual: bala (String)
]]>&#x1f50d;<![CDATA[ Validando campo: middleName | Esperado: kumar (String) | Actual: kumar (String)
]]>&#x1f50d;<![CDATA[ Validando campo: employeeId | Esperado: 0303 (String) | Actual: 0303 (String)
⚠️ Campo faltante en respuesta: terminationId
]]>&#x1f50d;<![CDATA[ Validando campo: jobTitle | Esperado: {id=null, title=null, isDeleted=null} (LinkedHashMap) | Actual: {id=null, title=null, isDeleted=null} (LinkedHashMap)
]]>&#x1f7e1;<![CDATA[ Campo ignorado: id
⚠️ Campo faltante en respuesta: title
⚠️ Campo faltante en respuesta: isDeleted
]]>&#x1f50d;<![CDATA[ Validando campo: subunit | Esperado: {id=null, name=null} (LinkedHashMap) | Actual: {id=null, name=null} (LinkedHashMap)
]]>&#x1f7e1;<![CDATA[ Campo ignorado: id
⚠️ Campo faltante en respuesta: name
]]>&#x1f50d;<![CDATA[ Validando campo: empStatus | Esperado: {id=null, name=null} (LinkedHashMap) | Actual: {id=null, name=null} (LinkedHashMap)
]]>&#x1f7e1;<![CDATA[ Campo ignorado: id
⚠️ Campo faltante en respuesta: name
]]>&#x1f50d;<![CDATA[ Validando campo: supervisors | Esperado: [] (ArrayList) | Actual: [] (ArrayList)
]]>&#x1f50d;<![CDATA[ Validando campo: empNumber | Esperado: 83 (Integer) | Actual: 83 (Integer)
]]>&#x1f50d;<![CDATA[ Validando campo: lastName | Esperado: hbfqkhjfqbhbfqkhjfqb (String) | Actual: hbfqkhjfqbhbfqkhjfqb (String)
]]>&#x1f50d;<![CDATA[ Validando campo: firstName | Esperado: bmrtahvwhibmrtahvwhi (String) | Actual: bmrtahvwhibmrtahvwhi (String)
]]>&#x1f50d;<![CDATA[ Validando campo: middleName | Esperado:  (String) | Actual:  (String)
]]>&#x1f50d;<![CDATA[ Validando campo: employeeId | Esperado: 0292 (String) | Actual: 0292 (String)
⚠️ Campo faltante en respuesta: terminationId
]]>&#x1f50d;<![CDATA[ Validando campo: jobTitle | Esperado: {id=null, title=null, isDeleted=null} (LinkedHashMap) | Actual: {id=null, title=null, isDeleted=null} (LinkedHashMap)
]]>&#x1f7e1;<![CDATA[ Campo ignorado: id
⚠️ Campo faltante en respuesta: title
⚠️ Campo faltante en respuesta: isDeleted
]]>&#x1f50d;<![CDATA[ Validando campo: subunit | Esperado: {id=null, name=null} (LinkedHashMap) | Actual: {id=null, name=null} (LinkedHashMap)
]]>&#x1f7e1;<![CDATA[ Campo ignorado: id
⚠️ Campo faltante en respuesta: name
]]>&#x1f50d;<![CDATA[ Validando campo: empStatus | Esperado: {id=null, name=null} (LinkedHashMap) | Actual: {id=null, name=null} (LinkedHashMap)
]]>&#x1f7e1;<![CDATA[ Campo ignorado: id
⚠️ Campo faltante en respuesta: name
]]>&#x1f50d;<![CDATA[ Validando campo: supervisors | Esperado: [] (ArrayList) | Actual: [] (ArrayList)
]]>&#x1f50d;<![CDATA[ Validando campo: empNumber | Esperado: 188 (Integer) | Actual: 188 (Integer)
]]>&#x1f50d;<![CDATA[ Validando campo: lastName | Esperado: Huels (String) | Actual: Huels (String)
]]>&#x1f50d;<![CDATA[ Validando campo: firstName | Esperado: Bobbie (String) | Actual: Bobbie (String)
]]>&#x1f50d;<![CDATA[ Validando campo: middleName | Esperado: Amalia Keebler Graham (String) | Actual: Amalia Keebler Graham (String)
⚠️ Campo faltante en respuesta: employeeId
⚠️ Campo faltante en respuesta: terminationId
]]>&#x1f50d;<![CDATA[ Validando campo: jobTitle | Esperado: {id=null, title=null, isDeleted=null} (LinkedHashMap) | Actual: {id=null, title=null, isDeleted=null} (LinkedHashMap)
]]>&#x1f7e1;<![CDATA[ Campo ignorado: id
⚠️ Campo faltante en respuesta: title
⚠️ Campo faltante en respuesta: isDeleted
]]>&#x1f50d;<![CDATA[ Validando campo: subunit | Esperado: {id=null, name=null} (LinkedHashMap) | Actual: {id=null, name=null} (LinkedHashMap)
]]>&#x1f7e1;<![CDATA[ Campo ignorado: id
⚠️ Campo faltante en respuesta: name
]]>&#x1f50d;<![CDATA[ Validando campo: empStatus | Esperado: {id=null, name=null} (LinkedHashMap) | Actual: {id=null, name=null} (LinkedHashMap)
]]>&#x1f7e1;<![CDATA[ Campo ignorado: id
⚠️ Campo faltante en respuesta: name
]]>&#x1f50d;<![CDATA[ Validando campo: supervisors | Esperado: [] (ArrayList) | Actual: [] (ArrayList)
]]>&#x1f50d;<![CDATA[ Validando campo: empNumber | Esperado: 238 (Integer) | Actual: 238 (Integer)
]]>&#x1f50d;<![CDATA[ Validando campo: lastName | Esperado: Blick (String) | Actual: Blick (String)
]]>&#x1f50d;<![CDATA[ Validando campo: firstName | Esperado: Brenna (String) | Actual: Brenna (String)
]]>&#x1f50d;<![CDATA[ Validando campo: middleName | Esperado:  (String) | Actual:  (String)
]]>&#x1f50d;<![CDATA[ Validando campo: employeeId | Esperado: 6627 (String) | Actual: 6627 (String)
⚠️ Campo faltante en respuesta: terminationId
]]>&#x1f50d;<![CDATA[ Validando campo: jobTitle | Esperado: {id=null, title=null, isDeleted=null} (LinkedHashMap) | Actual: {id=null, title=null, isDeleted=null} (LinkedHashMap)
]]>&#x1f7e1;<![CDATA[ Campo ignorado: id
⚠️ Campo faltante en respuesta: title
⚠️ Campo faltante en respuesta: isDeleted
]]>&#x1f50d;<![CDATA[ Validando campo: subunit | Esperado: {id=null, name=null} (LinkedHashMap) | Actual: {id=null, name=null} (LinkedHashMap)
]]>&#x1f7e1;<![CDATA[ Campo ignorado: id
⚠️ Campo faltante en respuesta: name
]]>&#x1f50d;<![CDATA[ Validando campo: empStatus | Esperado: {id=null, name=null} (LinkedHashMap) | Actual: {id=null, name=null} (LinkedHashMap)
]]>&#x1f7e1;<![CDATA[ Campo ignorado: id
⚠️ Campo faltante en respuesta: name
]]>&#x1f50d;<![CDATA[ Validando campo: supervisors | Esperado: [] (ArrayList) | Actual: [] (ArrayList)
]]>&#x1f50d;<![CDATA[ Validando campo: empNumber | Esperado: 202 (Integer) | Actual: 202 (Integer)
]]>&#x1f50d;<![CDATA[ Validando campo: lastName | Esperado: Yost (String) | Actual: Yost (String)
]]>&#x1f50d;<![CDATA[ Validando campo: firstName | Esperado: Chana (String) | Actual: Chana (String)
]]>&#x1f50d;<![CDATA[ Validando campo: middleName | Esperado: Isidro Stanton Roberts (String) | Actual: Isidro Stanton Roberts (String)
⚠️ Campo faltante en respuesta: employeeId
⚠️ Campo faltante en respuesta: terminationId
]]>&#x1f50d;<![CDATA[ Validando campo: jobTitle | Esperado: {id=null, title=null, isDeleted=null} (LinkedHashMap) | Actual: {id=null, title=null, isDeleted=null} (LinkedHashMap)
]]>&#x1f7e1;<![CDATA[ Campo ignorado: id
⚠️ Campo faltante en respuesta: title
⚠️ Campo faltante en respuesta: isDeleted
]]>&#x1f50d;<![CDATA[ Validando campo: subunit | Esperado: {id=null, name=null} (LinkedHashMap) | Actual: {id=null, name=null} (LinkedHashMap)
]]>&#x1f7e1;<![CDATA[ Campo ignorado: id
⚠️ Campo faltante en respuesta: name
]]>&#x1f50d;<![CDATA[ Validando campo: empStatus | Esperado: {id=null, name=null} (LinkedHashMap) | Actual: {id=null, name=null} (LinkedHashMap)
]]>&#x1f7e1;<![CDATA[ Campo ignorado: id
⚠️ Campo faltante en respuesta: name
]]>&#x1f50d;<![CDATA[ Validando campo: supervisors | Esperado: [] (ArrayList) | Actual: [] (ArrayList)
]]>&#x1f50d;<![CDATA[ Validando campo: empNumber | Esperado: 113 (Integer) | Actual: 113 (Integer)
]]>&#x1f50d;<![CDATA[ Validando campo: lastName | Esperado: Carter (String) | Actual: Carter (String)
]]>&#x1f50d;<![CDATA[ Validando campo: firstName | Esperado: Charles (String) | Actual: Charles (String)
]]>&#x1f50d;<![CDATA[ Validando campo: middleName | Esperado:  (String) | Actual:  (String)
]]>&#x1f50d;<![CDATA[ Validando campo: employeeId | Esperado: 0320 (String) | Actual: 0320 (String)
⚠️ Campo faltante en respuesta: terminationId
]]>&#x1f50d;<![CDATA[ Validando campo: jobTitle | Esperado: {id=null, title=null, isDeleted=null} (LinkedHashMap) | Actual: {id=null, title=null, isDeleted=null} (LinkedHashMap)
]]>&#x1f7e1;<![CDATA[ Campo ignorado: id
⚠️ Campo faltante en respuesta: title
⚠️ Campo faltante en respuesta: isDeleted
]]>&#x1f50d;<![CDATA[ Validando campo: subunit | Esperado: {id=null, name=null} (LinkedHashMap) | Actual: {id=null, name=null} (LinkedHashMap)
]]>&#x1f7e1;<![CDATA[ Campo ignorado: id
⚠️ Campo faltante en respuesta: name
]]>&#x1f50d;<![CDATA[ Validando campo: empStatus | Esperado: {id=null, name=null} (LinkedHashMap) | Actual: {id=null, name=null} (LinkedHashMap)
]]>&#x1f7e1;<![CDATA[ Campo ignorado: id
⚠️ Campo faltante en respuesta: name
]]>&#x1f50d;<![CDATA[ Validando campo: supervisors | Esperado: [] (ArrayList) | Actual: [] (ArrayList)
]]>&#x1f50d;<![CDATA[ Validando campo: empNumber | Esperado: 107 (Integer) | Actual: 107 (Integer)
]]>&#x1f50d;<![CDATA[ Validando campo: lastName | Esperado: Smith (String) | Actual: Smith (String)
]]>&#x1f50d;<![CDATA[ Validando campo: firstName | Esperado: Charlotte (String) | Actual: Charlotte (String)
]]>&#x1f50d;<![CDATA[ Validando campo: middleName | Esperado:  (String) | Actual:  (String)
]]>&#x1f50d;<![CDATA[ Validando campo: employeeId | Esperado: 00392 (String) | Actual: 00392 (String)
⚠️ Campo faltante en respuesta: terminationId
]]>&#x1f50d;<![CDATA[ Validando campo: jobTitle | Esperado: {id=null, title=null, isDeleted=null} (LinkedHashMap) | Actual: {id=null, title=null, isDeleted=null} (LinkedHashMap)
]]>&#x1f7e1;<![CDATA[ Campo ignorado: id
⚠️ Campo faltante en respuesta: title
⚠️ Campo faltante en respuesta: isDeleted
]]>&#x1f50d;<![CDATA[ Validando campo: subunit | Esperado: {id=null, name=null} (LinkedHashMap) | Actual: {id=null, name=null} (LinkedHashMap)
]]>&#x1f7e1;<![CDATA[ Campo ignorado: id
⚠️ Campo faltante en respuesta: name
]]>&#x1f50d;<![CDATA[ Validando campo: empStatus | Esperado: {id=null, name=null} (LinkedHashMap) | Actual: {id=null, name=null} (LinkedHashMap)
]]>&#x1f7e1;<![CDATA[ Campo ignorado: id
⚠️ Campo faltante en respuesta: name
]]>&#x1f50d;<![CDATA[ Validando campo: supervisors | Esperado: [] (ArrayList) | Actual: [] (ArrayList)
]]>&#x1f50d;<![CDATA[ Validando campo: empNumber | Esperado: 182 (Integer) | Actual: 182 (Integer)
]]>&#x1f50d;<![CDATA[ Validando campo: lastName | Esperado: Bogan (String) | Actual: Bogan (String)
]]>&#x1f50d;<![CDATA[ Validando campo: firstName | Esperado: Chong (String) | Actual: Chong (String)
]]>&#x1f50d;<![CDATA[ Validando campo: middleName | Esperado: Antoinette Huel Hane (String) | Actual: Antoinette Huel Hane (String)
⚠️ Campo faltante en respuesta: employeeId
⚠️ Campo faltante en respuesta: terminationId
]]>&#x1f50d;<![CDATA[ Validando campo: jobTitle | Esperado: {id=null, title=null, isDeleted=null} (LinkedHashMap) | Actual: {id=null, title=null, isDeleted=null} (LinkedHashMap)
]]>&#x1f7e1;<![CDATA[ Campo ignorado: id
⚠️ Campo faltante en respuesta: title
⚠️ Campo faltante en respuesta: isDeleted
]]>&#x1f50d;<![CDATA[ Validando campo: subunit | Esperado: {id=null, name=null} (LinkedHashMap) | Actual: {id=null, name=null} (LinkedHashMap)
]]>&#x1f7e1;<![CDATA[ Campo ignorado: id
⚠️ Campo faltante en respuesta: name
]]>&#x1f50d;<![CDATA[ Validando campo: empStatus | Esperado: {id=null, name=null} (LinkedHashMap) | Actual: {id=null, name=null} (LinkedHashMap)
]]>&#x1f7e1;<![CDATA[ Campo ignorado: id
⚠️ Campo faltante en respuesta: name
]]>&#x1f50d;<![CDATA[ Validando campo: supervisors | Esperado: [] (ArrayList) | Actual: [] (ArrayList)
]]>&#x1f50d;<![CDATA[ Validando campo: empNumber | Esperado: 158 (Integer) | Actual: 158 (Integer)
]]>&#x1f50d;<![CDATA[ Validando campo: lastName | Esperado: Mcmillan (String) | Actual: Mcmillan (String)
]]>&#x1f50d;<![CDATA[ Validando campo: firstName | Esperado: Christopher (String) | Actual: Christopher (String)
]]>&#x1f50d;<![CDATA[ Validando campo: middleName | Esperado:  (String) | Actual:  (String)
]]>&#x1f50d;<![CDATA[ Validando campo: employeeId | Esperado: 0363 (String) | Actual: 0363 (String)
⚠️ Campo faltante en respuesta: terminationId
]]>&#x1f50d;<![CDATA[ Validando campo: jobTitle | Esperado: {id=null, title=null, isDeleted=null} (LinkedHashMap) | Actual: {id=null, title=null, isDeleted=null} (LinkedHashMap)
]]>&#x1f7e1;<![CDATA[ Campo ignorado: id
⚠️ Campo faltante en respuesta: title
⚠️ Campo faltante en respuesta: isDeleted
]]>&#x1f50d;<![CDATA[ Validando campo: subunit | Esperado: {id=null, name=null} (LinkedHashMap) | Actual: {id=null, name=null} (LinkedHashMap)
]]>&#x1f7e1;<![CDATA[ Campo ignorado: id
⚠️ Campo faltante en respuesta: name
]]>&#x1f50d;<![CDATA[ Validando campo: empStatus | Esperado: {id=null, name=null} (LinkedHashMap) | Actual: {id=null, name=null} (LinkedHashMap)
]]>&#x1f7e1;<![CDATA[ Campo ignorado: id
⚠️ Campo faltante en respuesta: name
]]>&#x1f50d;<![CDATA[ Validando campo: supervisors | Esperado: [] (ArrayList) | Actual: [] (ArrayList)
]]>&#x1f50d;<![CDATA[ Validando campo: empNumber | Esperado: 186 (Integer) | Actual: 186 (Integer)
]]>&#x1f50d;<![CDATA[ Validando campo: lastName | Esperado: Steuber (String) | Actual: Steuber (String)
]]>&#x1f50d;<![CDATA[ Validando campo: firstName | Esperado: Cristopher (String) | Actual: Cristopher (String)
]]>&#x1f50d;<![CDATA[ Validando campo: middleName | Esperado: Kristen Hand Walker Jr. (String) | Actual: Kristen Hand Walker Jr. (String)
⚠️ Campo faltante en respuesta: employeeId
⚠️ Campo faltante en respuesta: terminationId
]]>&#x1f50d;<![CDATA[ Validando campo: jobTitle | Esperado: {id=null, title=null, isDeleted=null} (LinkedHashMap) | Actual: {id=null, title=null, isDeleted=null} (LinkedHashMap)
]]>&#x1f7e1;<![CDATA[ Campo ignorado: id
⚠️ Campo faltante en respuesta: title
⚠️ Campo faltante en respuesta: isDeleted
]]>&#x1f50d;<![CDATA[ Validando campo: subunit | Esperado: {id=null, name=null} (LinkedHashMap) | Actual: {id=null, name=null} (LinkedHashMap)
]]>&#x1f7e1;<![CDATA[ Campo ignorado: id
⚠️ Campo faltante en respuesta: name
]]>&#x1f50d;<![CDATA[ Validando campo: empStatus | Esperado: {id=null, name=null} (LinkedHashMap) | Actual: {id=null, name=null} (LinkedHashMap)
]]>&#x1f7e1;<![CDATA[ Campo ignorado: id
⚠️ Campo faltante en respuesta: name
]]>&#x1f50d;<![CDATA[ Validando campo: supervisors | Esperado: [] (ArrayList) | Actual: [] (ArrayList)
]]>&#x1f50d;<![CDATA[ Validando campo: empNumber | Esperado: 174 (Integer) | Actual: 174 (Integer)
]]>&#x1f50d;<![CDATA[ Validando campo: lastName | Esperado: Hansen (String) | Actual: Hansen (String)
]]>&#x1f50d;<![CDATA[ Validando campo: firstName | Esperado: Dale (String) | Actual: Dale (String)
]]>&#x1f50d;<![CDATA[ Validando campo: middleName | Esperado: Jacki Runolfsson Reichert Sr. (String) | Actual: Jacki Runolfsson Reichert Sr. (String)
⚠️ Campo faltante en respuesta: employeeId
⚠️ Campo faltante en respuesta: terminationId
]]>&#x1f50d;<![CDATA[ Validando campo: jobTitle | Esperado: {id=null, title=null, isDeleted=null} (LinkedHashMap) | Actual: {id=null, title=null, isDeleted=null} (LinkedHashMap)
]]>&#x1f7e1;<![CDATA[ Campo ignorado: id
⚠️ Campo faltante en respuesta: title
⚠️ Campo faltante en respuesta: isDeleted
]]>&#x1f50d;<![CDATA[ Validando campo: subunit | Esperado: {id=null, name=null} (LinkedHashMap) | Actual: {id=null, name=null} (LinkedHashMap)
]]>&#x1f7e1;<![CDATA[ Campo ignorado: id
⚠️ Campo faltante en respuesta: name
]]>&#x1f50d;<![CDATA[ Validando campo: empStatus | Esperado: {id=null, name=null} (LinkedHashMap) | Actual: {id=null, name=null} (LinkedHashMap)
]]>&#x1f7e1;<![CDATA[ Campo ignorado: id
⚠️ Campo faltante en respuesta: name
]]>&#x1f50d;<![CDATA[ Validando campo: supervisors | Esperado: [] (ArrayList) | Actual: [] (ArrayList)
]]>&#x1f50d;<![CDATA[ Validando campo: empNumber | Esperado: 173 (Integer) | Actual: 173 (Integer)
]]>&#x1f50d;<![CDATA[ Validando campo: lastName | Esperado: Boyle (String) | Actual: Boyle (String)
]]>&#x1f50d;<![CDATA[ Validando campo: firstName | Esperado: Daniel (String) | Actual: Daniel (String)
]]>&#x1f50d;<![CDATA[ Validando campo: middleName | Esperado: Portia Jacobi Gorczany (String) | Actual: Portia Jacobi Gorczany (String)
⚠️ Campo faltante en respuesta: employeeId
⚠️ Campo faltante en respuesta: terminationId
]]>&#x1f50d;<![CDATA[ Validando campo: jobTitle | Esperado: {id=null, title=null, isDeleted=null} (LinkedHashMap) | Actual: {id=null, title=null, isDeleted=null} (LinkedHashMap)
]]>&#x1f7e1;<![CDATA[ Campo ignorado: id
⚠️ Campo faltante en respuesta: title
⚠️ Campo faltante en respuesta: isDeleted
]]>&#x1f50d;<![CDATA[ Validando campo: subunit | Esperado: {id=null, name=null} (LinkedHashMap) | Actual: {id=null, name=null} (LinkedHashMap)
]]>&#x1f7e1;<![CDATA[ Campo ignorado: id
⚠️ Campo faltante en respuesta: name
]]>&#x1f50d;<![CDATA[ Validando campo: empStatus | Esperado: {id=null, name=null} (LinkedHashMap) | Actual: {id=null, name=null} (LinkedHashMap)
]]>&#x1f7e1;<![CDATA[ Campo ignorado: id
⚠️ Campo faltante en respuesta: name
]]>&#x1f50d;<![CDATA[ Validando campo: supervisors | Esperado: [] (ArrayList) | Actual: [] (ArrayList)
]]>&#x1f50d;<![CDATA[ Validando campo: empNumber | Esperado: 198 (Integer) | Actual: 198 (Integer)
]]>&#x1f50d;<![CDATA[ Validando campo: lastName | Esperado: Boehm (String) | Actual: Boehm (String)
]]>&#x1f50d;<![CDATA[ Validando campo: firstName | Esperado: Davida (String) | Actual: Davida (String)
]]>&#x1f50d;<![CDATA[ Validando campo: middleName | Esperado: Mrs. Ludivina Sauer Hilpert (String) | Actual: Mrs. Ludivina Sauer Hilpert (String)
⚠️ Campo faltante en respuesta: employeeId
⚠️ Campo faltante en respuesta: terminationId
]]>&#x1f50d;<![CDATA[ Validando campo: jobTitle | Esperado: {id=null, title=null, isDeleted=null} (LinkedHashMap) | Actual: {id=null, title=null, isDeleted=null} (LinkedHashMap)
]]>&#x1f7e1;<![CDATA[ Campo ignorado: id
⚠️ Campo faltante en respuesta: title
⚠️ Campo faltante en respuesta: isDeleted
]]>&#x1f50d;<![CDATA[ Validando campo: subunit | Esperado: {id=null, name=null} (LinkedHashMap) | Actual: {id=null, name=null} (LinkedHashMap)
]]>&#x1f7e1;<![CDATA[ Campo ignorado: id
⚠️ Campo faltante en respuesta: name
]]>&#x1f50d;<![CDATA[ Validando campo: empStatus | Esperado: {id=null, name=null} (LinkedHashMap) | Actual: {id=null, name=null} (LinkedHashMap)
]]>&#x1f7e1;<![CDATA[ Campo ignorado: id
⚠️ Campo faltante en respuesta: name
]]>&#x1f50d;<![CDATA[ Validando campo: supervisors | Esperado: [] (ArrayList) | Actual: [] (ArrayList)
]]>&#x1f50d;<![CDATA[ Validando campo: empNumber | Esperado: 229 (Integer) | Actual: 229 (Integer)
]]>&#x1f50d;<![CDATA[ Validando campo: lastName | Esperado: dd (String) | Actual: dd (String)
]]>&#x1f50d;<![CDATA[ Validando campo: firstName | Esperado: ddd (String) | Actual: ddd (String)
]]>&#x1f50d;<![CDATA[ Validando campo: middleName | Esperado:  (String) | Actual:  (String)
]]>&#x1f50d;<![CDATA[ Validando campo: employeeId | Esperado: 0431 (String) | Actual: 0431 (String)
⚠️ Campo faltante en respuesta: terminationId
]]>&#x1f50d;<![CDATA[ Validando campo: jobTitle | Esperado: {id=null, title=null, isDeleted=null} (LinkedHashMap) | Actual: {id=null, title=null, isDeleted=null} (LinkedHashMap)
]]>&#x1f7e1;<![CDATA[ Campo ignorado: id
⚠️ Campo faltante en respuesta: title
⚠️ Campo faltante en respuesta: isDeleted
]]>&#x1f50d;<![CDATA[ Validando campo: subunit | Esperado: {id=null, name=null} (LinkedHashMap) | Actual: {id=null, name=null} (LinkedHashMap)
]]>&#x1f7e1;<![CDATA[ Campo ignorado: id
⚠️ Campo faltante en respuesta: name
]]>&#x1f50d;<![CDATA[ Validando campo: empStatus | Esperado: {id=null, name=null} (LinkedHashMap) | Actual: {id=null, name=null} (LinkedHashMap)
]]>&#x1f7e1;<![CDATA[ Campo ignorado: id
⚠️ Campo faltante en respuesta: name
]]>&#x1f50d;<![CDATA[ Validando campo: supervisors | Esperado: [] (ArrayList) | Actual: [] (ArrayList)
]]>&#x1f50d;<![CDATA[ Validando campo: empNumber | Esperado: 81 (Integer) | Actual: 81 (Integer)
]]>&#x1f50d;<![CDATA[ Validando campo: lastName | Esperado: ibuvlwtfsfibuvlwtfsf (String) | Actual: ibuvlwtfsfibuvlwtfsf (String)
]]>&#x1f50d;<![CDATA[ Validando campo: firstName | Esperado: dhbrukkuzldhbrukkuzl (String) | Actual: dhbrukkuzldhbrukkuzl (String)
]]>&#x1f50d;<![CDATA[ Validando campo: middleName | Esperado:  (String) | Actual:  (String)
]]>&#x1f50d;<![CDATA[ Validando campo: employeeId | Esperado: 0290 (String) | Actual: 0290 (String)
⚠️ Campo faltante en respuesta: terminationId
]]>&#x1f50d;<![CDATA[ Validando campo: jobTitle | Esperado: {id=null, title=null, isDeleted=null} (LinkedHashMap) | Actual: {id=null, title=null, isDeleted=null} (LinkedHashMap)
]]>&#x1f7e1;<![CDATA[ Campo ignorado: id
⚠️ Campo faltante en respuesta: title
⚠️ Campo faltante en respuesta: isDeleted
]]>&#x1f50d;<![CDATA[ Validando campo: subunit | Esperado: {id=null, name=null} (LinkedHashMap) | Actual: {id=null, name=null} (LinkedHashMap)
]]>&#x1f7e1;<![CDATA[ Campo ignorado: id
⚠️ Campo faltante en respuesta: name
]]>&#x1f50d;<![CDATA[ Validando campo: empStatus | Esperado: {id=null, name=null} (LinkedHashMap) | Actual: {id=null, name=null} (LinkedHashMap)
]]>&#x1f7e1;<![CDATA[ Campo ignorado: id
⚠️ Campo faltante en respuesta: name
]]>&#x1f50d;<![CDATA[ Validando campo: supervisors | Esperado: [] (ArrayList) | Actual: [] (ArrayList)
]]>&#x1f50d;<![CDATA[ Validando campo: empNumber | Esperado: 85 (Integer) | Actual: 85 (Integer)
]]>&#x1f50d;<![CDATA[ Validando campo: lastName | Esperado: P (String) | Actual: P (String)
]]>&#x1f50d;<![CDATA[ Validando campo: firstName | Esperado: DHINA (String) | Actual: DHINA (String)
]]>&#x1f50d;<![CDATA[ Validando campo: middleName | Esperado: KARAN (String) | Actual: KARAN (String)
]]>&#x1f50d;<![CDATA[ Validando campo: employeeId | Esperado: 0294 (String) | Actual: 0294 (String)
⚠️ Campo faltante en respuesta: terminationId
]]>&#x1f50d;<![CDATA[ Validando campo: jobTitle | Esperado: {id=null, title=null, isDeleted=null} (LinkedHashMap) | Actual: {id=null, title=null, isDeleted=null} (LinkedHashMap)
]]>&#x1f7e1;<![CDATA[ Campo ignorado: id
⚠️ Campo faltante en respuesta: title
⚠️ Campo faltante en respuesta: isDeleted
]]>&#x1f50d;<![CDATA[ Validando campo: subunit | Esperado: {id=null, name=null} (LinkedHashMap) | Actual: {id=null, name=null} (LinkedHashMap)
]]>&#x1f7e1;<![CDATA[ Campo ignorado: id
⚠️ Campo faltante en respuesta: name
]]>&#x1f50d;<![CDATA[ Validando campo: empStatus | Esperado: {id=null, name=null} (LinkedHashMap) | Actual: {id=null, name=null} (LinkedHashMap)
]]>&#x1f7e1;<![CDATA[ Campo ignorado: id
⚠️ Campo faltante en respuesta: name
]]>&#x1f50d;<![CDATA[ Validando campo: supervisors | Esperado: [] (ArrayList) | Actual: [] (ArrayList)
]]>&#x1f50d;<![CDATA[ Validando campo: empNumber | Esperado: 195 (Integer) | Actual: 195 (Integer)
]]>&#x1f50d;<![CDATA[ Validando campo: lastName | Esperado: Simonis (String) | Actual: Simonis (String)
]]>&#x1f50d;<![CDATA[ Validando campo: firstName | Esperado: Else (String) | Actual: Else (String)
]]>&#x1f50d;<![CDATA[ Validando campo: middleName | Esperado: Tom Romaguera Fritsch (String) | Actual: Tom Romaguera Fritsch (String)
⚠️ Campo faltante en respuesta: employeeId
⚠️ Campo faltante en respuesta: terminationId
]]>&#x1f50d;<![CDATA[ Validando campo: jobTitle | Esperado: {id=null, title=null, isDeleted=null} (LinkedHashMap) | Actual: {id=null, title=null, isDeleted=null} (LinkedHashMap)
]]>&#x1f7e1;<![CDATA[ Campo ignorado: id
⚠️ Campo faltante en respuesta: title
⚠️ Campo faltante en respuesta: isDeleted
]]>&#x1f50d;<![CDATA[ Validando campo: subunit | Esperado: {id=null, name=null} (LinkedHashMap) | Actual: {id=null, name=null} (LinkedHashMap)
]]>&#x1f7e1;<![CDATA[ Campo ignorado: id
⚠️ Campo faltante en respuesta: name
]]>&#x1f50d;<![CDATA[ Validando campo: empStatus | Esperado: {id=null, name=null} (LinkedHashMap) | Actual: {id=null, name=null} (LinkedHashMap)
[...]
]]>&#x1f50d;<![CDATA[ Validando campo: employeeId | Esperado: ATPValue (String) | Actual: ATPValue (String)
⚠️ Campo faltante en respuesta: terminationId
]]>&#x1f50d;<![CDATA[ Validando campo: jobTitle | Esperado: {id=null, title=null, isDeleted=null} (LinkedHashMap) | Actual: {id=null, title=null, isDeleted=null} (LinkedHashMap)
]]>&#x1f7e1;<![CDATA[ Campo ignorado: id
⚠️ Campo faltante en respuesta: title
⚠️ Campo faltante en respuesta: isDeleted
]]>&#x1f50d;<![CDATA[ Validando campo: subunit | Esperado: {id=null, name=null} (LinkedHashMap) | Actual: {id=null, name=null} (LinkedHashMap)
]]>&#x1f7e1;<![CDATA[ Campo ignorado: id
⚠️ Campo faltante en respuesta: name
]]>&#x1f50d;<![CDATA[ Validando campo: empStatus | Esperado: {id=null, name=null} (LinkedHashMap) | Actual: {id=null, name=null} (LinkedHashMap)
]]>&#x1f7e1;<![CDATA[ Campo ignorado: id
⚠️ Campo faltante en respuesta: name
]]>&#x1f50d;<![CDATA[ Validando campo: supervisors | Esperado: [] (ArrayList) | Actual: [] (ArrayList)
]]>&#x1f50d;<![CDATA[ Validando campo: empNumber | Esperado: 147 (Integer) | Actual: 147 (Integer)
]]>&#x1f50d;<![CDATA[ Validando campo: lastName | Esperado: ltwrrt (String) | Actual: ltwrrt (String)
]]>&#x1f50d;<![CDATA[ Validando campo: firstName | Esperado: fthnvn (String) | Actual: fthnvn (String)
]]>&#x1f50d;<![CDATA[ Validando campo: middleName | Esperado:  (String) | Actual:  (String)
]]>&#x1f50d;<![CDATA[ Validando campo: employeeId | Esperado: ATPValue (String) | Actual: ATPValue (String)
⚠️ Campo faltante en respuesta: terminationId
]]>&#x1f50d;<![CDATA[ Validando campo: jobTitle | Esperado: {id=null, title=null, isDeleted=null} (LinkedHashMap) | Actual: {id=null, title=null, isDeleted=null} (LinkedHashMap)
]]>&#x1f7e1;<![CDATA[ Campo ignorado: id
⚠️ Campo faltante en respuesta: title
⚠️ Campo faltante en respuesta: isDeleted
]]>&#x1f50d;<![CDATA[ Validando campo: subunit | Esperado: {id=null, name=null} (LinkedHashMap) | Actual: {id=null, name=null} (LinkedHashMap)
]]>&#x1f7e1;<![CDATA[ Campo ignorado: id
⚠️ Campo faltante en respuesta: name
]]>&#x1f50d;<![CDATA[ Validando campo: empStatus | Esperado: {id=null, name=null} (LinkedHashMap) | Actual: {id=null, name=null} (LinkedHashMap)
]]>&#x1f7e1;<![CDATA[ Campo ignorado: id
⚠️ Campo faltante en respuesta: name
]]>&#x1f50d;<![CDATA[ Validando campo: supervisors | Esperado: [] (ArrayList) | Actual: [] (ArrayList)
]]>&#x1f50d;<![CDATA[ Validando campo: empNumber | Esperado: 146 (Integer) | Actual: 146 (Integer)
]]>&#x1f50d;<![CDATA[ Validando campo: lastName | Esperado: ltrhtm (String) | Actual: ltrhtm (String)
]]>&#x1f50d;<![CDATA[ Validando campo: firstName | Esperado: fthyfv (String) | Actual: fthyfv (String)
]]>&#x1f50d;<![CDATA[ Validando campo: middleName | Esperado:  (String) | Actual:  (String)
]]>&#x1f50d;<![CDATA[ Validando campo: employeeId | Esperado: ATPValue (String) | Actual: ATPValue (String)
⚠️ Campo faltante en respuesta: terminationId
]]>&#x1f50d;<![CDATA[ Validando campo: jobTitle | Esperado: {id=null, title=null, isDeleted=null} (LinkedHashMap) | Actual: {id=null, title=null, isDeleted=null} (LinkedHashMap)
]]>&#x1f7e1;<![CDATA[ Campo ignorado: id
⚠️ Campo faltante en respuesta: title
⚠️ Campo faltante en respuesta: isDeleted
]]>&#x1f50d;<![CDATA[ Validando campo: subunit | Esperado: {id=null, name=null} (LinkedHashMap) | Actual: {id=null, name=null} (LinkedHashMap)
]]>&#x1f7e1;<![CDATA[ Campo ignorado: id
⚠️ Campo faltante en respuesta: name
]]>&#x1f50d;<![CDATA[ Validando campo: empStatus | Esperado: {id=null, name=null} (LinkedHashMap) | Actual: {id=null, name=null} (LinkedHashMap)
]]>&#x1f7e1;<![CDATA[ Campo ignorado: id
⚠️ Campo faltante en respuesta: name
]]>&#x1f50d;<![CDATA[ Validando campo: supervisors | Esperado: [] (ArrayList) | Actual: [] (ArrayList)
]]>&#x1f50d;<![CDATA[ Validando campo: empNumber | Esperado: 139 (Integer) | Actual: 149 (Integer)
]]>&#x1f50d;<![CDATA[ Validando campo: lastName | Esperado: ltpugr (String) | Actual: ltpugr (String)
]]>&#x1f50d;<![CDATA[ Validando campo: firstName | Esperado: ftioiu (String) | Actual: ftioiu (String)
]]>&#x1f50d;<![CDATA[ Validando campo: middleName | Esperado:  (String) | Actual:  (String)
]]>&#x1f50d;<![CDATA[ Validando campo: employeeId | Esperado: ATPValue (String) | Actual: ATPValue (String)
⚠️ Campo faltante en respuesta: terminationId
]]>&#x1f50d;<![CDATA[ Validando campo: jobTitle | Esperado: {id=null, title=null, isDeleted=null} (LinkedHashMap) | Actual: {id=null, title=null, isDeleted=null} (LinkedHashMap)
]]>&#x1f7e1;<![CDATA[ Campo ignorado: id
⚠️ Campo faltante en respuesta: title
⚠️ Campo faltante en respuesta: isDeleted
]]>&#x1f50d;<![CDATA[ Validando campo: subunit | Esperado: {id=null, name=null} (LinkedHashMap) | Actual: {id=null, name=null} (LinkedHashMap)
]]>&#x1f7e1;<![CDATA[ Campo ignorado: id
⚠️ Campo faltante en respuesta: name
]]>&#x1f50d;<![CDATA[ Validando campo: empStatus | Esperado: {id=null, name=null} (LinkedHashMap) | Actual: {id=null, name=null} (LinkedHashMap)
]]>&#x1f7e1;<![CDATA[ Campo ignorado: id
⚠️ Campo faltante en respuesta: name
]]>&#x1f50d;<![CDATA[ Validando campo: supervisors | Esperado: [] (ArrayList) | Actual: [] (ArrayList)
]]>&#x1f50d;<![CDATA[ Validando campo: empNumber | Esperado: 149 (Integer) | Actual: 141 (Integer)
]]>&#x1f50d;<![CDATA[ Validando campo: lastName | Esperado: ltpugr (String) | Actual: ltpugr (String)
]]>&#x1f50d;<![CDATA[ Validando campo: firstName | Esperado: ftioiu (String) | Actual: ftioiu (String)
]]>&#x1f50d;<![CDATA[ Validando campo: middleName | Esperado:  (String) | Actual:  (String)
]]>&#x1f50d;<![CDATA[ Validando campo: employeeId | Esperado: ATPValue (String) | Actual: ATPValue (String)
⚠️ Campo faltante en respuesta: terminationId
]]>&#x1f50d;<![CDATA[ Validando campo: jobTitle | Esperado: {id=null, title=null, isDeleted=null} (LinkedHashMap) | Actual: {id=null, title=null, isDeleted=null} (LinkedHashMap)
]]>&#x1f7e1;<![CDATA[ Campo ignorado: id
⚠️ Campo faltante en respuesta: title
⚠️ Campo faltante en respuesta: isDeleted
]]>&#x1f50d;<![CDATA[ Validando campo: subunit | Esperado: {id=null, name=null} (LinkedHashMap) | Actual: {id=null, name=null} (LinkedHashMap)
]]>&#x1f7e1;<![CDATA[ Campo ignorado: id
⚠️ Campo faltante en respuesta: name
]]>&#x1f50d;<![CDATA[ Validando campo: empStatus | Esperado: {id=null, name=null} (LinkedHashMap) | Actual: {id=null, name=null} (LinkedHashMap)
]]>&#x1f7e1;<![CDATA[ Campo ignorado: id
⚠️ Campo faltante en respuesta: name
]]>&#x1f50d;<![CDATA[ Validando campo: supervisors | Esperado: [] (ArrayList) | Actual: [] (ArrayList)
]]>&#x1f50d;<![CDATA[ Validando campo: empNumber | Esperado: 141 (Integer) | Actual: 153 (Integer)
]]>&#x1f50d;<![CDATA[ Validando campo: lastName | Esperado: ltpugr (String) | Actual: ltpugr (String)
]]>&#x1f50d;<![CDATA[ Validando campo: firstName | Esperado: ftioiu (String) | Actual: ftioiu (String)
]]>&#x1f50d;<![CDATA[ Validando campo: middleName | Esperado:  (String) | Actual:  (String)
]]>&#x1f50d;<![CDATA[ Validando campo: employeeId | Esperado: ATPValue (String) | Actual: ATPValue (String)
⚠️ Campo faltante en respuesta: terminationId
]]>&#x1f50d;<![CDATA[ Validando campo: jobTitle | Esperado: {id=null, title=null, isDeleted=null} (LinkedHashMap) | Actual: {id=null, title=null, isDeleted=null} (LinkedHashMap)
]]>&#x1f7e1;<![CDATA[ Campo ignorado: id
⚠️ Campo faltante en respuesta: title
⚠️ Campo faltante en respuesta: isDeleted
]]>&#x1f50d;<![CDATA[ Validando campo: subunit | Esperado: {id=null, name=null} (LinkedHashMap) | Actual: {id=null, name=null} (LinkedHashMap)
]]>&#x1f7e1;<![CDATA[ Campo ignorado: id
⚠️ Campo faltante en respuesta: name
]]>&#x1f50d;<![CDATA[ Validando campo: empStatus | Esperado: {id=null, name=null} (LinkedHashMap) | Actual: {id=null, name=null} (LinkedHashMap)
]]>&#x1f7e1;<![CDATA[ Campo ignorado: id
⚠️ Campo faltante en respuesta: name
]]>&#x1f50d;<![CDATA[ Validando campo: supervisors | Esperado: [] (ArrayList) | Actual: [] (ArrayList)
]]>&#x1f50d;<![CDATA[ Validando campo: meta | Esperado: {total=168} (LinkedHashMap) | Actual: {total=174} (LinkedHashMap)
]]>&#x1f50d;<![CDATA[ Validando campo: total | Esperado: 168 (Integer) | Actual: 174 (Integer)
]]>&#x1f50d;<![CDATA[ Validando campo: rels | Esperado: [] (ArrayList) | Actual: [] (ArrayList)
https://opensource-demo.orangehrmlive.com/web/index.php
]]>&#x1f50d;<![CDATA[ Validando campo: error | Esperado: {status=422, message=Invalid Parameter, data={invalidParamKeys=[limitd]}} (LinkedHashMap) | Actual: {status=422, message=Invalid Parameter, data={invalidParamKeys=[limitd]}} (LinkedHashMap)
]]>&#x1f50d;<![CDATA[ Validando campo: status | Esperado: 422 (String) | Actual: 422 (String)
]]>&#x1f50d;<![CDATA[ Validando campo: message | Esperado: Invalid Parameter (String) | Actual: Invalid Parameter (String)
]]>&#x1f50d;<![CDATA[ Validando campo: data | Esperado: {invalidParamKeys=[limitd]} (LinkedHashMap) | Actual: {invalidParamKeys=[limitd]} (LinkedHashMap)
]]>&#x1f50d;<![CDATA[ Validando campo: invalidParamKeys | Esperado: [limitd] (ArrayList) | Actual: [limitd] (ArrayList)
https://opensource-demo.orangehrmlive.com/web/index.php
]]>&#x1f50d;<![CDATA[ Validando campo: error | Esperado: {status=422, message=Invalid Parameter, data={invalidParamKeys=[offsetd]}} (LinkedHashMap) | Actual: {status=422, message=Invalid Parameter, data={invalidParamKeys=[offsetd]}} (LinkedHashMap)
]]>&#x1f50d;<![CDATA[ Validando campo: status | Esperado: 422 (String) | Actual: 422 (String)
]]>&#x1f50d;<![CDATA[ Validando campo: message | Esperado: Invalid Parameter (String) | Actual: Invalid Parameter (String)
]]>&#x1f50d;<![CDATA[ Validando campo: data | Esperado: {invalidParamKeys=[offsetd]} (LinkedHashMap) | Actual: {invalidParamKeys=[offsetd]} (LinkedHashMap)
]]>&#x1f50d;<![CDATA[ Validando campo: invalidParamKeys | Esperado: [offsetd] (ArrayList) | Actual: [offsetd] (ArrayList)
https://opensource-demo.orangehrmlive.com/web/index.php
]]>&#x1f50d;<![CDATA[ Validando campo: error | Esperado: {status=422, message=Invalid Parameter, data={invalidParamKeys=[models]}} (LinkedHashMap) | Actual: {status=422, message=Invalid Parameter, data={invalidParamKeys=[models]}} (LinkedHashMap)
]]>&#x1f50d;<![CDATA[ Validando campo: status | Esperado: 422 (String) | Actual: 422 (String)
]]>&#x1f50d;<![CDATA[ Validando campo: message | Esperado: Invalid Parameter (String) | Actual: Invalid Parameter (String)
]]>&#x1f50d;<![CDATA[ Validando campo: data | Esperado: {invalidParamKeys=[models]} (LinkedHashMap) | Actual: {invalidParamKeys=[models]} (LinkedHashMap)
]]>&#x1f50d;<![CDATA[ Validando campo: invalidParamKeys | Esperado: [models] (ArrayList) | Actual: [models] (ArrayList)
https://opensource-demo.orangehrmlive.com/web/index.php
]]>&#x1f50d;<![CDATA[ Validando campo: error | Esperado: {status=422, message=Invalid Parameter, data={invalidParamKeys=[includeEmployeesg]}} (LinkedHashMap) | Actual: {status=422, message=Invalid Parameter, data={invalidParamKeys=[includeEmployeesg]}} (LinkedHashMap)
]]>&#x1f50d;<![CDATA[ Validando campo: status | Esperado: 422 (String) | Actual: 422 (String)
]]>&#x1f50d;<![CDATA[ Validando campo: message | Esperado: Invalid Parameter (String) | Actual: Invalid Parameter (String)
]]>&#x1f50d;<![CDATA[ Validando campo: data | Esperado: {invalidParamKeys=[includeEmployeesg]} (LinkedHashMap) | Actual: {invalidParamKeys=[includeEmployeesg]} (LinkedHashMap)
]]>&#x1f50d;<![CDATA[ Validando campo: invalidParamKeys | Esperado: [includeEmployeesg] (ArrayList) | Actual: [includeEmployeesg] (ArrayList)
https://opensource-demo.orangehrmlive.com/web/index.php
]]>&#x1f50d;<![CDATA[ Validando campo: error | Esperado: {status=422, message=Invalid Parameter, data={invalidParamKeys=[sortFieldh]}} (LinkedHashMap) | Actual: {status=422, message=Invalid Parameter, data={invalidParamKeys=[sortFieldh]}} (LinkedHashMap)
]]>&#x1f50d;<![CDATA[ Validando campo: status | Esperado: 422 (String) | Actual: 422 (String)
]]>&#x1f50d;<![CDATA[ Validando campo: message | Esperado: Invalid Parameter (String) | Actual: Invalid Parameter (String)
]]>&#x1f50d;<![CDATA[ Validando campo: data | Esperado: {invalidParamKeys=[sortFieldh]} (LinkedHashMap) | Actual: {invalidParamKeys=[sortFieldh]} (LinkedHashMap)
]]>&#x1f50d;<![CDATA[ Validando campo: invalidParamKeys | Esperado: [sortFieldh] (ArrayList) | Actual: [sortFieldh] (ArrayList)
https://opensource-demo.orangehrmlive.com/web/index.php
]]>&#x1f50d;<![CDATA[ Validando campo: error | Esperado: {status=422, message=Invalid Parameter, data={invalidParamKeys=[sortOrderj]}} (LinkedHashMap) | Actual: {status=422, message=Invalid Parameter, data={invalidParamKeys=[sortOrderj]}} (LinkedHashMap)
]]>&#x1f50d;<![CDATA[ Validando campo: status | Esperado: 422 (String) | Actual: 422 (String)
]]>&#x1f50d;<![CDATA[ Validando campo: message | Esperado: Invalid Parameter (String) | Actual: Invalid Parameter (String)
]]>&#x1f50d;<![CDATA[ Validando campo: data | Esperado: {invalidParamKeys=[sortOrderj]} (LinkedHashMap) | Actual: {invalidParamKeys=[sortOrderj]} (LinkedHashMap)
]]>&#x1f50d;<![CDATA[ Validando campo: invalidParamKeys | Esperado: [sortOrderj] (ArrayList) | Actual: [sortOrderj] (ArrayList)
]]></system-out>
  <system-err><![CDATA[[Test worker] INFO  - 
  _____   ___   ___   _____     ___   _____     _     ___   _____   ___   ___  
 |_   _| | __| / __| |_   _|   / __| |_   _|   /_\   | _ \ |_   _| | __| |   \ 
   | |   | _|  \__ \   | |     \__ \   | |    / _ \  |   /   | |   | _|  | |) |
   |_|   |___| |___/   |_|     |___/   |_|   /_/ \_\ |_|_\   |_|   |___| |___/ 

Validate employeesS(validate-create-alias;validate-employeess)
--------------------------------------------------------------------------------
[Test worker] INFO  - 
  _____   ___   ___   _____     ___     _     ___   ___   ___   ___  
 |_   _| | __| / __| |_   _|   | _ \   /_\   / __| / __| | __| |   \ 
   | |   | _|  \__ \   | |     |  _/  / _ \  \__ \ \__ \ | _|  | |) |
   |_|   |___| |___/   |_|     |_|   /_/ \_\ |___/ |___/ |___| |___/ 

Validate employeesS
----------------------------------------------------------------------
[Test worker] INFO  - 
  _____   ___   ___   _____     ___   _____     _     ___   _____   ___   ___  
 |_   _| | __| / __| |_   _|   / __| |_   _|   /_\   | _ \ |_   _| | __| |   \ 
   | |   | _|  \__ \   | |     \__ \   | |    / _ \  |   /   | |   | _|  | |) |
   |_|   |___| |___/   |_|     |___/   |_|   /_/ \_\ |_|_\   |_|   |___| |___/ 

Validate employee error without limit field(validate-create-alias;validate-employee-error-without-limit-field)
--------------------------------------------------------------------------------
[Test worker] INFO  - 
  _____   ___   ___   _____     ___     _     ___   ___   ___   ___  
 |_   _| | __| / __| |_   _|   | _ \   /_\   / __| / __| | __| |   \ 
   | |   | _|  \__ \   | |     |  _/  / _ \  \__ \ \__ \ | _|  | |) |
   |_|   |___| |___/   |_|     |_|   /_/ \_\ |___/ |___/ |___| |___/ 

Validate employee error without limit field
----------------------------------------------------------------------
[Test worker] INFO  - 
  _____   ___   ___   _____     ___   _____     _     ___   _____   ___   ___  
 |_   _| | __| / __| |_   _|   / __| |_   _|   /_\   | _ \ |_   _| | __| |   \ 
   | |   | _|  \__ \   | |     \__ \   | |    / _ \  |   /   | |   | _|  | |) |
   |_|   |___| |___/   |_|     |___/   |_|   /_/ \_\ |_|_\   |_|   |___| |___/ 

Validate employee error without offset field(validate-create-alias;validate-employee-error-without-offset-field)
--------------------------------------------------------------------------------
[Test worker] INFO  - 
  _____   ___   ___   _____     ___     _     ___   ___   ___   ___  
 |_   _| | __| / __| |_   _|   | _ \   /_\   / __| / __| | __| |   \ 
   | |   | _|  \__ \   | |     |  _/  / _ \  \__ \ \__ \ | _|  | |) |
   |_|   |___| |___/   |_|     |_|   /_/ \_\ |___/ |___/ |___| |___/ 

Validate employee error without offset field
----------------------------------------------------------------------
[Test worker] INFO  - 
  _____   ___   ___   _____     ___   _____     _     ___   _____   ___   ___  
 |_   _| | __| / __| |_   _|   / __| |_   _|   /_\   | _ \ |_   _| | __| |   \ 
   | |   | _|  \__ \   | |     \__ \   | |    / _ \  |   /   | |   | _|  | |) |
   |_|   |___| |___/   |_|     |___/   |_|   /_/ \_\ |_|_\   |_|   |___| |___/ 

Validate employee error without model field(validate-create-alias;validate-employee-error-without-model-field)
--------------------------------------------------------------------------------
[Test worker] INFO  - 
  _____   ___   ___   _____     ___     _     ___   ___   ___   ___  
 |_   _| | __| / __| |_   _|   | _ \   /_\   / __| / __| | __| |   \ 
   | |   | _|  \__ \   | |     |  _/  / _ \  \__ \ \__ \ | _|  | |) |
   |_|   |___| |___/   |_|     |_|   /_/ \_\ |___/ |___/ |___| |___/ 

Validate employee error without model field
----------------------------------------------------------------------
[Test worker] INFO  - 
  _____   ___   ___   _____     ___   _____     _     ___   _____   ___   ___  
 |_   _| | __| / __| |_   _|   / __| |_   _|   /_\   | _ \ |_   _| | __| |   \ 
   | |   | _|  \__ \   | |     \__ \   | |    / _ \  |   /   | |   | _|  | |) |
   |_|   |___| |___/   |_|     |___/   |_|   /_/ \_\ |_|_\   |_|   |___| |___/ 

Validate employee error without includeEmployees field(validate-create-alias;validate-employee-error-without-includeemployees-field)
--------------------------------------------------------------------------------
[Test worker] INFO  - 
  _____   ___   ___   _____     ___     _     ___   ___   ___   ___  
 |_   _| | __| / __| |_   _|   | _ \   /_\   / __| / __| | __| |   \ 
   | |   | _|  \__ \   | |     |  _/  / _ \  \__ \ \__ \ | _|  | |) |
   |_|   |___| |___/   |_|     |_|   /_/ \_\ |___/ |___/ |___| |___/ 

Validate employee error without includeEmployees field
----------------------------------------------------------------------
[Test worker] INFO  - 
  _____   ___   ___   _____     ___   _____     _     ___   _____   ___   ___  
 |_   _| | __| / __| |_   _|   / __| |_   _|   /_\   | _ \ |_   _| | __| |   \ 
   | |   | _|  \__ \   | |     \__ \   | |    / _ \  |   /   | |   | _|  | |) |
   |_|   |___| |___/   |_|     |___/   |_|   /_/ \_\ |_|_\   |_|   |___| |___/ 

Validate employee error without sortField field(validate-create-alias;validate-employee-error-without-sortfield-field)
--------------------------------------------------------------------------------
[Test worker] INFO  - 
  _____   ___   ___   _____     ___     _     ___   ___   ___   ___  
 |_   _| | __| / __| |_   _|   | _ \   /_\   / __| / __| | __| |   \ 
   | |   | _|  \__ \   | |     |  _/  / _ \  \__ \ \__ \ | _|  | |) |
   |_|   |___| |___/   |_|     |_|   /_/ \_\ |___/ |___/ |___| |___/ 

Validate employee error without sortField field
----------------------------------------------------------------------
[Test worker] INFO  - 
  _____   ___   ___   _____     ___   _____     _     ___   _____   ___   ___  
 |_   _| | __| / __| |_   _|   / __| |_   _|   /_\   | _ \ |_   _| | __| |   \ 
   | |   | _|  \__ \   | |     \__ \   | |    / _ \  |   /   | |   | _|  | |) |
   |_|   |___| |___/   |_|     |___/   |_|   /_/ \_\ |_|_\   |_|   |___| |___/ 

Validate employee error without sortOrder field(validate-create-alias;validate-employee-error-without-sortorder-field)
--------------------------------------------------------------------------------
[Test worker] INFO  - 
  _____   ___   ___   _____     ___     _     ___   ___   ___   ___  
 |_   _| | __| / __| |_   _|   | _ \   /_\   / __| / __| | __| |   \ 
   | |   | _|  \__ \   | |     |  _/  / _ \  \__ \ \__ \ | _|  | |) |
   |_|   |___| |___/   |_|     |_|   /_/ \_\ |___/ |___/ |___| |___/ 

Validate employee error without sortOrder field
----------------------------------------------------------------------
]]></system-err>
</testsuite>
