<?xml version="1.0" encoding="UTF-8" standalone="no"?><testsuite errors="0" failures="0" name="Validate create alias" skipped="0" tests="7" time="7.25" timestamp="2025-10-05 11:44:59"><testcase name="Validate employees"/><testcase name="Validate employee error without limit field"/><testcase name="Validate employee error without offset field"/><testcase name="Validate employee error without model field"/><testcase name="Validate employee error without includeEmployees field"/><testcase name="Validate employee error without sortField field"/><testcase name="Validate employee error without sortOrder field"/></testsuite>